#
# A fatal error has been detected by the Java Runtime Environment:
#
#  SIGSEGV (0xb) at pc=0x00007fff955648dc, pid=1460, tid=0x0000000000000307
#
# JRE version: Java(TM) SE Runtime Environment (8.0_121-b13) (build 1.8.0_121-b13)
# Java VM: Java HotSpot(TM) 64-Bit Server VM (25.121-b13 mixed mode bsd-amd64 compressed oops)
# Problematic frame:
# C  [CoreFoundation+0x238dc]  CFDataGetBytePtr+0x1c
#
# Failed to write core dump. Core dumps have been disabled. To enable core dumping, try "ulimit -c unlimited" before starting Java again
#
# If you would like to submit a bug report, please visit:
#   http://bugreport.java.com/bugreport/crash.jsp
# The crash happened outside the Java Virtual Machine in native code.
# See problematic frame for where to report the bug.
#

---------------  T H R E A D  ---------------

Current thread (0x00007f836d109000):  JavaThread "AppKit Thread" daemon [_thread_in_native, id=775, stack(0x00007fff5ab28000,0x00007fff5b328000)]

siginfo: si_signo: 11 (SIGSEGV), si_code: 1 (SEGV_MAPERR), si_addr: 0x0000000000000000

Registers:
RAX=0x0000000000006407, RBX=0x0000000000000000, RCX=0x0004150000041500, RDX=0x0000000000000307
RSP=0x00007fff5b323680, RBP=0x00007fff5b323690, RSI=0x0000000000000307, RDI=0x0000000000000000
R8 =0x00007f836c530df8, R9 =0x0000000000007a98, R10=0x00007f836c530e00, R11=0xffffffff00000000
R12=0x00000000000000c0, R13=0x00007f836c7b0cc0, R14=0x0000000000000000, R15=0x0000000000006407
RIP=0x00007fff955648dc, EFLAGS=0x0000000000010246, ERR=0x0000000000000004
  TRAPNO=0x000000000000000e

Top of Stack: (sp=0x00007fff5b323680)
0x00007fff5b323680:   0000000000006407 00007f836c4a2cc0
0x00007fff5b323690:   00007fff5b323710 00007fffa761e02d
0x00007fff5b3236a0:   40c0000000000000 40c0000000000000
0x00007fff5b3236b0:   0100004000130013 0000000000006407
0x00007fff5b3236c0:   0000721700001703 0000000100000000
0x00007fff5b3236d0:   00000000000000c0 00007fff00000000
0x00007fff5b3236e0:   f436fc7c796e009d 0000000000007029
0x00007fff5b3236f0:   0000000000007029 0000000000000001
0x00007fff5b323700:   0000000000000000 00000000000000c0
0x00007fff5b323710:   00007fff5b323900 00007fff9320099d
0x00007fff5b323720:   00007fffb40f1000 0000000000000038
0x00007fff5b323730:   00007fff5b323760 00007fffab312282
0x00007fff5b323740:   0000000000001400 0000000000000038
0x00007fff5b323750:   00dffffffffff5a3 0000000000000002
0x00007fff5b323760:   00000001048f8e00 00007fff93cdc459
0x00007fff5b323770:   00007fff93ce90bd 00007fff93cddae6
0x00007fff5b323780:   00007f836c4e72e0 0000000000000012
0x00007fff5b323790:   00007f836c4b71a0 00007fff93cdc009
0x00007fff5b3237a0:   0000000000000001 00011c4300000000
0x00007fff5b3237b0:   000000000000000b 00007fff5b3237d0
0x00007fff5b3237c0:   00007f836c4e73e8 0000000000000012
0x00007fff5b3237d0:   00007f836c7b0cc0 0000000000007029
0x00007fff5b3237e0:   0000000000000000 0000000000000000
0x00007fff5b3237f0:   00007fffb40da060 00007fffb016ee80
0x00007fff5b323800:   00007fff5b323820 00007fffab311200
0x00007fff5b323810:   0000000000000000 00007fff5b323868
0x00007fff5b323820:   00007fff5b323850 00007fffab1c488d
0x00007fff5b323830:   00dffffffffff5a3 0000000000011c43
0x00007fff5b323840:   00007f8372081b30 00007fffb40da060
0x00007fff5b323850:   00007fff5b323900 00007fff932005f3
0x00007fff5b323860:   00007fff5b3238f0 00007fffb40da060
0x00007fff5b323870:   00000000c0000000 00007fff93ae5c57 

Instructions: (pc=0x00007fff955648dc)
0x00007fff955648bc:   1f 44 00 00 55 48 89 e5 53 50 48 89 fb 48 83 3d
0x00007fff955648cc:   cf a3 4d 1b ff 0f 85 82 00 00 00 f6 c3 01 75 55
0x00007fff955648dc:   48 8b 03 48 85 c0 74 41 48 8d 0d 4d 9d 4d 1b 48
0x00007fff955648ec:   3b 01 74 35 48 8b 15 b1 a3 4d 1b 31 c9 48 81 fa 

Register to memory mapping:

RAX=0x0000000000006407 is an unknown value
RBX=0x0000000000000000 is an unknown value
RCX=0x0004150000041500 is an unknown value
RDX=0x0000000000000307 is an unknown value
RSP=0x00007fff5b323680 is pointing into the stack for thread: 0x00007f836d109000
RBP=0x00007fff5b323690 is pointing into the stack for thread: 0x00007f836d109000
RSI=0x0000000000000307 is an unknown value
RDI=0x0000000000000000 is an unknown value
R8 =0x00007f836c530df8 is an unknown value
R9 =0x0000000000007a98 is an unknown value
R10=0x00007f836c530e00 is an unknown value
R11=0xffffffff00000000 is an unknown value
R12=0x00000000000000c0 is an unknown value
R13=0x00007f836c7b0cc0 is an unknown value
R14=0x0000000000000000 is an unknown value
R15=0x0000000000006407 is an unknown value


Stack: [0x00007fff5ab28000,0x00007fff5b328000],  sp=0x00007fff5b323680,  free space=8173k
Native frames: (J=compiled Java code, j=interpreted, Vv=VM code, C=native code)
C  [CoreFoundation+0x238dc]  CFDataGetBytePtr+0x1c
C  [SkyLight+0x20902d]  SLSSetWindowOpaqueShape+0x59
C  [AppKit+0x18999d]  __NSCGSWindowMark__block_invoke+0x2ce
C  [AppKit+0x189458]  NSCGSTransactionRunPreCommitActionsForOrder_+0x121
C  [AppKit+0x18931a]  NSCGSTransactionRunPreCommitActions_+0x15
C  [AppKit+0x1892f9]  __39+[_NSCGSTransaction currentTransaction]_block_invoke+0x22
C  [QuartzCore+0x11d06]  _ZN2CA11Transaction19run_commit_handlersE18CATransactionPhase+0x2e
C  [QuartzCore+0x11bbdb]  _ZN2CA7Context18commit_transactionEPNS_11TransactionE+0x3bf
C  [QuartzCore+0x107e1]  _ZN2CA11Transaction6commitEv+0x1db
C  [AppKit+0x4788b1]  __37+[NSDisplayCycle currentDisplayCycle]_block_invoke.31+0x143
C  [CoreFoundation+0xa3de7]  __CFRUNLOOP_IS_CALLING_OUT_TO_AN_OBSERVER_CALLBACK_FUNCTION__+0x17
C  [CoreFoundation+0xa3d57]  __CFRunLoopDoObservers+0x187
C  [CoreFoundation+0x84b09]  __CFRunLoopRun+0x369
C  [CoreFoundation+0x84544]  CFRunLoopRunSpecific+0x1a4
C  [HIToolbox+0x30ebc]  RunCurrentEventLoopInMode+0xf0
C  [HIToolbox+0x30bf9]  ReceiveNextEventCommon+0xb8
C  [HIToolbox+0x30b26]  _BlockUntilNextEventMatchingListInModeWithFilter+0x47
C  [AppKit+0x46a54]  _DPSNextEvent+0x460
C  [AppKit+0x7c27ee]  -[NSApplication(NSEvent) _nextEventMatchingEventMask:untilDate:inMode:dequeue:]+0xaec
C  [libosxapp.dylib+0x23aa]  -[NSApplicationAWT nextEventMatchingMask:untilDate:inMode:dequeue:]+0x7c
C  [AppKit+0x3b3db]  -[NSApplication run]+0x39e
C  [libosxapp.dylib+0x214d]  +[NSApplicationAWT runAWTLoopWithApp:]+0x9c
C  [libawt_lwawt.dylib+0x45ff7]  -[AWTStarter starter:]+0x389
C  [Foundation+0x7152a]  __NSThreadPerformPerform+0x146
C  [CoreFoundation+0xa43e1]  __CFRUNLOOP_IS_CALLING_OUT_TO_A_SOURCE0_PERFORM_FUNCTION__+0x11
C  [CoreFoundation+0x8565c]  __CFRunLoopDoSources0+0x22c
C  [CoreFoundation+0x84b46]  __CFRunLoopRun+0x3a6
C  [CoreFoundation+0x84544]  CFRunLoopRunSpecific+0x1a4
C  [java+0x6465]  CreateExecutionEnvironment+0x367
C  [java+0x218c]  JLI_Launch+0x7a0
C  [java+0x84c2]  main+0x65
C  [java+0x19e4]  start+0x34
C  0x0000000000000005


---------------  P R O C E S S  ---------------

Java Threads: ( => current thread )
  0x00007f836c802800 JavaThread "DestroyJavaVM" [_thread_blocked, id=7171, stack(0x000070000f5b6000,0x000070000f6b6000)]
  0x00007f836c9db000 JavaThread "AWT-EventQueue-0" [_thread_in_native, id=63243, stack(0x00007000108f5000,0x00007000109f5000)]
  0x00007f836c9b9000 JavaThread "AWT-Shutdown" [_thread_blocked, id=29731, stack(0x0000700010463000,0x0000700010563000)]
  0x00007f836e194800 JavaThread "Java2D Disposer" daemon [_thread_blocked, id=57871, stack(0x00007000107f2000,0x00007000108f2000)]
  0x00007f836d1b2000 JavaThread "Java2D Queue Flusher" daemon [_thread_blocked, id=48691, stack(0x00007000106ef000,0x00007000107ef000)]
=>0x00007f836d109000 JavaThread "AppKit Thread" daemon [_thread_in_native, id=775, stack(0x00007fff5ab28000,0x00007fff5b328000)]
  0x00007f836e029800 JavaThread "Service Thread" daemon [_thread_blocked, id=18691, stack(0x00007000101da000,0x00007000102da000)]
  0x00007f836e025000 JavaThread "C1 CompilerThread2" daemon [_thread_blocked, id=18179, stack(0x00007000100d7000,0x00007000101d7000)]
  0x00007f836e02a800 JavaThread "C2 CompilerThread1" daemon [_thread_blocked, id=17667, stack(0x000070000ffd4000,0x00007000100d4000)]
  0x00007f836c817000 JavaThread "C2 CompilerThread0" daemon [_thread_blocked, id=17155, stack(0x000070000fed1000,0x000070000ffd1000)]
  0x00007f836d02f800 JavaThread "Signal Dispatcher" daemon [_thread_blocked, id=16643, stack(0x000070000fdce000,0x000070000fece000)]
  0x00007f836e024000 JavaThread "Finalizer" daemon [_thread_blocked, id=12547, stack(0x000070000fccb000,0x000070000fdcb000)]
  0x00007f836e01d800 JavaThread "Reference Handler" daemon [_thread_blocked, id=12035, stack(0x000070000fbc8000,0x000070000fcc8000)]

Other Threads:
  0x00007f836d815000 VMThread [stack: 0x000070000fac5000,0x000070000fbc5000] [id=11523]
  0x00007f836d83a800 WatcherThread [stack: 0x00007000102dd000,0x00007000103dd000] [id=19203]

VM state:not at safepoint (normal execution)

VM Mutex/Monitor currently owned by a thread: None

Heap:
 PSYoungGen      total 18944K, used 6556K [0x00000007aab00000, 0x00000007ac000000, 0x00000007c0000000)
  eden space 16384K, 40% used [0x00000007aab00000,0x00000007ab167068,0x00000007abb00000)
  from space 2560K, 0% used [0x00000007abd80000,0x00000007abd80000,0x00000007ac000000)
  to   space 2560K, 0% used [0x00000007abb00000,0x00000007abb00000,0x00000007abd80000)
 ParOldGen       total 44032K, used 0K [0x0000000780000000, 0x0000000782b00000, 0x00000007aab00000)
  object space 44032K, 0% used [0x0000000780000000,0x0000000780000000,0x0000000782b00000)
 Metaspace       used 10252K, capacity 10434K, committed 10624K, reserved 1058816K
  class space    used 1332K, capacity 1407K, committed 1408K, reserved 1048576K

Card table byte_map: [0x0000000106562000,0x0000000106763000] byte_map_base: 0x0000000102962000

Marking Bits: (ParMarkBitMap*) 0x0000000105af0d30
 Begin Bits: [0x0000000116a8e000, 0x0000000117a8e000)
 End Bits:   [0x0000000117a8e000, 0x0000000118a8e000)

Polling page: 0x0000000104998000

CodeCache: size=245760Kb used=2026Kb max_used=2028Kb free=243733Kb
 bounds [0x0000000107a8e000, 0x0000000107cfe000, 0x0000000116a8e000]
 total_blobs=905 nmethods=427 adapters=392
 compilation: enabled

Compilation events (10 events):
Event: 14.027 Thread 0x00007f836e025000  424       1       java.lang.Boolean::booleanValue (5 bytes)
Event: 14.027 Thread 0x00007f836e025000 nmethod 424 0x0000000107c88210 code [0x0000000107c88360, 0x0000000107c88470]
Event: 14.027 Thread 0x00007f836e025000  423       1       javax.swing.plaf.synth.SynthContext::getStyle (5 bytes)
Event: 14.027 Thread 0x00007f836e025000 nmethod 423 0x0000000107c87f50 code [0x0000000107c880a0, 0x0000000107c881b0]
Event: 14.028 Thread 0x00007f836e025000  425       3       java.awt.Component::isValid (20 bytes)
Event: 14.028 Thread 0x00007f836e025000 nmethod 425 0x0000000107c87b90 code [0x0000000107c87d00, 0x0000000107c87ef0]
Event: 14.044 Thread 0x00007f836e025000  426       1       java.util.concurrent.locks.AbstractOwnableSynchronizer::getExclusiveOwnerThread (5 bytes)
Event: 14.044 Thread 0x00007f836e025000 nmethod 426 0x0000000107c876d0 code [0x0000000107c87820, 0x0000000107c87930]
Event: 14.591 Thread 0x00007f836e025000  427       3       java.util.concurrent.locks.AbstractOwnableSynchronizer::setExclusiveOwnerThread (6 bytes)
Event: 14.600 Thread 0x00007f836e025000 nmethod 427 0x0000000107c86d90 code [0x0000000107c86ee0, 0x0000000107c87050]

GC Heap History (0 events):
No events

Deoptimization events (1 events):
Event: 13.988 Thread 0x00007f836c9db000 Uncommon trap: reason=unstable_if action=reinterpret pc=0x0000000107c74400 method=java.lang.String.toLowerCase(Ljava/util/Locale;)Ljava/lang/String; @ 85

Internal exceptions (10 events):
Event: 3.804 Thread 0x00007f836c802800 Exception <a 'java/lang/ClassNotFoundException': ToolBar> (0x00000007aaf05a70) thrown at [/Users/java_re/workspace/8-2-build-macosx-x86_64/jdk8u121/8372/hotspot/src/share/vm/classfile/systemDictionary.cpp, line 210]
Event: 3.804 Thread 0x00007f836c802800 Exception <a 'java/lang/ClassNotFoundException': ToggleButton> (0x00000007aaf06020) thrown at [/Users/java_re/workspace/8-2-build-macosx-x86_64/jdk8u121/8372/hotspot/src/share/vm/classfile/systemDictionary.cpp, line 210]
Event: 3.804 Thread 0x00007f836c802800 Exception <a 'java/lang/ClassNotFoundException': javax/swing/JToolBarSeparator> (0x00000007aaf06480) thrown at [/Users/java_re/workspace/8-2-build-macosx-x86_64/jdk8u121/8372/hotspot/src/share/vm/classfile/systemDictionary.cpp, line 210]
Event: 3.804 Thread 0x00007f836c802800 Exception <a 'java/lang/ClassNotFoundException': ToolBarSeparator> (0x00000007aaf06918) thrown at [/Users/java_re/workspace/8-2-build-macosx-x86_64/jdk8u121/8372/hotspot/src/share/vm/classfile/systemDictionary.cpp, line 210]
Event: 3.804 Thread 0x00007f836c802800 Exception <a 'java/lang/ClassNotFoundException': ToolTip> (0x00000007aaf07058) thrown at [/Users/java_re/workspace/8-2-build-macosx-x86_64/jdk8u121/8372/hotspot/src/share/vm/classfile/systemDictionary.cpp, line 210]
Event: 3.807 Thread 0x00007f836c802800 Exception <a 'java/lang/ClassNotFoundException': Tree> (0x00000007aaf07c78) thrown at [/Users/java_re/workspace/8-2-build-macosx-x86_64/jdk8u121/8372/hotspot/src/share/vm/classfile/systemDictionary.cpp, line 210]
Event: 3.807 Thread 0x00007f836c802800 Exception <a 'java/lang/ClassNotFoundException': Tree> (0x00000007aaf083b8) thrown at [/Users/java_re/workspace/8-2-build-macosx-x86_64/jdk8u121/8372/hotspot/src/share/vm/classfile/systemDictionary.cpp, line 210]
Event: 3.807 Thread 0x00007f836c802800 Exception <a 'java/lang/ClassNotFoundException': javax/swing/JTreeCell> (0x00000007aaf08738) thrown at [/Users/java_re/workspace/8-2-build-macosx-x86_64/jdk8u121/8372/hotspot/src/share/vm/classfile/systemDictionary.cpp, line 210]
Event: 3.807 Thread 0x00007f836c802800 Exception <a 'java/lang/ClassNotFoundException': TreeCell> (0x00000007aaf08bc0) thrown at [/Users/java_re/workspace/8-2-build-macosx-x86_64/jdk8u121/8372/hotspot/src/share/vm/classfile/systemDictionary.cpp, line 210]
Event: 3.809 Thread 0x00007f836c802800 Exception <a 'java/lang/ClassNotFoundException': RootPane> (0x00000007aaf09620) thrown at [/Users/java_re/workspace/8-2-build-macosx-x86_64/jdk8u121/8372/hotspot/src/share/vm/classfile/systemDictionary.cpp, line 210]

Events (10 events):
Event: 14.231 loading class java/io/PrintWriter
Event: 14.231 loading class java/io/PrintWriter done
Event: 14.231 loading class java/lang/Throwable$WrappedPrintWriter
Event: 14.231 loading class java/lang/Throwable$PrintStreamOrWriter
Event: 14.231 loading class java/lang/Throwable$PrintStreamOrWriter done
Event: 14.231 loading class java/lang/Throwable$WrappedPrintWriter done
Event: 14.231 loading class java/util/IdentityHashMap$KeySet
Event: 14.231 loading class java/util/IdentityHashMap$KeySet done
Event: 14.232 Executing VM operation: RevokeBias
Event: 14.232 Executing VM operation: RevokeBias done


Dynamic libraries:
0x0000000020067000 	/System/Library/Frameworks/Cocoa.framework/Versions/A/Cocoa
0x0000000020067000 	/System/Library/Frameworks/Security.framework/Versions/A/Security
0x0000000020067000 	/System/Library/Frameworks/ApplicationServices.framework/Versions/A/ApplicationServices
0x0000000020067000 	/usr/lib/libz.1.dylib
0x0000000020067000 	/usr/lib/libSystem.B.dylib
0x0000000020067000 	/usr/lib/libobjc.A.dylib
0x0000000020067000 	/System/Library/Frameworks/CoreFoundation.framework/Versions/A/CoreFoundation
0x0000000020067000 	/System/Library/Frameworks/Foundation.framework/Versions/C/Foundation
0x0000000020067000 	/System/Library/Frameworks/AppKit.framework/Versions/C/AppKit
0x0000000020067000 	/System/Library/Frameworks/CoreData.framework/Versions/A/CoreData
0x0000000020067000 	/System/Library/PrivateFrameworks/RemoteViewServices.framework/Versions/A/RemoteViewServices
0x0000000020067000 	/System/Library/PrivateFrameworks/UIFoundation.framework/Versions/A/UIFoundation
0x0000000020067000 	/System/Library/PrivateFrameworks/DFRFoundation.framework/Versions/A/DFRFoundation
0x0000000020067000 	/usr/lib/libenergytrace.dylib
0x0000000020067000 	/System/Library/PrivateFrameworks/SkyLight.framework/Versions/A/SkyLight
0x0000000020067000 	/System/Library/Frameworks/CoreGraphics.framework/Versions/A/CoreGraphics
0x0000000020067000 	/usr/lib/libScreenReader.dylib
0x0000000020067000 	/System/Library/Frameworks/Accelerate.framework/Versions/A/Accelerate
0x0000000020067000 	/System/Library/Frameworks/IOSurface.framework/Versions/A/IOSurface
0x0000000020067000 	/System/Library/Frameworks/AudioToolbox.framework/Versions/A/AudioToolbox
0x0000000020067000 	/System/Library/Frameworks/AudioUnit.framework/Versions/A/AudioUnit
0x0000000020067000 	/System/Library/PrivateFrameworks/DataDetectorsCore.framework/Versions/A/DataDetectorsCore
0x0000000020067000 	/System/Library/PrivateFrameworks/DesktopServicesPriv.framework/Versions/A/DesktopServicesPriv
0x0000000020067000 	/System/Library/Frameworks/Carbon.framework/Versions/A/Frameworks/HIToolbox.framework/Versions/A/HIToolbox
0x0000000020067000 	/usr/lib/libicucore.A.dylib
0x0000000020067000 	/System/Library/Frameworks/QuartzCore.framework/Versions/A/QuartzCore
0x0000000020067000 	/System/Library/Frameworks/Carbon.framework/Versions/A/Frameworks/SpeechRecognition.framework/Versions/A/SpeechRecognition
0x0000000020067000 	/usr/lib/libauto.dylib
0x0000000020067000 	/usr/lib/libxml2.2.dylib
0x0000000020067000 	/System/Library/PrivateFrameworks/CoreUI.framework/Versions/A/CoreUI
0x0000000020067000 	/System/Library/Frameworks/CoreAudio.framework/Versions/A/CoreAudio
0x0000000020067000 	/System/Library/Frameworks/DiskArbitration.framework/Versions/A/DiskArbitration
0x0000000020067000 	/usr/lib/liblangid.dylib
0x0000000020067000 	/System/Library/PrivateFrameworks/MultitouchSupport.framework/Versions/A/MultitouchSupport
0x0000000020067000 	/System/Library/Frameworks/IOKit.framework/Versions/A/IOKit
0x0000000020067000 	/usr/lib/libDiagnosticMessagesClient.dylib
0x0000000020067000 	/System/Library/Frameworks/CoreServices.framework/Versions/A/CoreServices
0x0000000020067000 	/System/Library/PrivateFrameworks/PerformanceAnalysis.framework/Versions/A/PerformanceAnalysis
0x0000000020067000 	/System/Library/PrivateFrameworks/GenerationalStorage.framework/Versions/A/GenerationalStorage
0x0000000020067000 	/System/Library/Frameworks/OpenGL.framework/Versions/A/OpenGL
0x0000000020067000 	/System/Library/Frameworks/CoreImage.framework/Versions/A/CoreImage
0x0000000020067000 	/System/Library/Frameworks/CoreText.framework/Versions/A/CoreText
0x0000000020067000 	/System/Library/Frameworks/ImageIO.framework/Versions/A/ImageIO
0x0000000020067000 	/System/Library/PrivateFrameworks/Backup.framework/Versions/A/Backup
0x0000000020067000 	/usr/lib/libarchive.2.dylib
0x0000000020067000 	/System/Library/Frameworks/CFNetwork.framework/Versions/A/CFNetwork
0x0000000020067000 	/System/Library/Frameworks/SystemConfiguration.framework/Versions/A/SystemConfiguration
0x0000000020067000 	/usr/lib/libCRFSuite.dylib
0x0000000020067000 	/usr/lib/libc++.1.dylib
0x0000000020067000 	/usr/lib/libc++abi.dylib
0x0000000020067000 	/usr/lib/system/libcache.dylib
0x0000000020067000 	/usr/lib/system/libcommonCrypto.dylib
0x0000000020067000 	/usr/lib/system/libcompiler_rt.dylib
0x0000000020067000 	/usr/lib/system/libcopyfile.dylib
0x0000000020067000 	/usr/lib/system/libcorecrypto.dylib
0x0000000020067000 	/usr/lib/system/libdispatch.dylib
0x0000000020067000 	/usr/lib/system/libdyld.dylib
0x0000000020067000 	/usr/lib/system/libkeymgr.dylib
0x0000000020067000 	/usr/lib/system/liblaunch.dylib
0x0000000020067000 	/usr/lib/system/libmacho.dylib
0x0000000020067000 	/usr/lib/system/libquarantine.dylib
0x0000000020067000 	/usr/lib/system/libremovefile.dylib
0x0000000020067000 	/usr/lib/system/libsystem_asl.dylib
0x0000000020067000 	/usr/lib/system/libsystem_blocks.dylib
0x0000000020067000 	/usr/lib/system/libsystem_c.dylib
0x0000000020067000 	/usr/lib/system/libsystem_configuration.dylib
0x0000000020067000 	/usr/lib/system/libsystem_coreservices.dylib
0x0000000020067000 	/usr/lib/system/libsystem_coretls.dylib
0x0000000020067000 	/usr/lib/system/libsystem_dnssd.dylib
0x0000000020067000 	/usr/lib/system/libsystem_info.dylib
0x0000000020067000 	/usr/lib/system/libsystem_kernel.dylib
0x0000000020067000 	/usr/lib/system/libsystem_m.dylib
0x0000000020067000 	/usr/lib/system/libsystem_malloc.dylib
0x0000000020067000 	/usr/lib/system/libsystem_network.dylib
0x0000000020067000 	/usr/lib/system/libsystem_networkextension.dylib
0x0000000020067000 	/usr/lib/system/libsystem_notify.dylib
0x0000000020067000 	/usr/lib/system/libsystem_platform.dylib
0x0000000020067000 	/usr/lib/system/libsystem_pthread.dylib
0x0000000020067000 	/usr/lib/system/libsystem_sandbox.dylib
0x0000000020067000 	/usr/lib/system/libsystem_secinit.dylib
0x0000000020067000 	/usr/lib/system/libsystem_symptoms.dylib
0x0000000020067000 	/usr/lib/system/libsystem_trace.dylib
0x0000000020067000 	/usr/lib/system/libunwind.dylib
0x0000000020067000 	/usr/lib/system/libxpc.dylib
0x0000000020067000 	/usr/lib/libbsm.0.dylib
0x0000000020067000 	/usr/lib/system/libkxld.dylib
0x0000000020067000 	/usr/lib/libcoretls.dylib
0x0000000020067000 	/usr/lib/libcoretls_cfhelpers.dylib
0x0000000020067000 	/usr/lib/libOpenScriptingUtil.dylib
0x0000000020067000 	/usr/lib/libpam.2.dylib
0x0000000020067000 	/usr/lib/libsqlite3.dylib
0x0000000020067000 	/usr/lib/libxar.1.dylib
0x0000000020067000 	/usr/lib/libbz2.1.0.dylib
0x0000000020067000 	/usr/lib/liblzma.5.dylib
0x0000000020067000 	/usr/lib/libnetwork.dylib
0x0000000020067000 	/usr/lib/libpcap.A.dylib
0x0000000020067000 	/System/Library/Frameworks/CoreServices.framework/Versions/A/Frameworks/FSEvents.framework/Versions/A/FSEvents
0x0000000020067000 	/System/Library/Frameworks/CoreServices.framework/Versions/A/Frameworks/CarbonCore.framework/Versions/A/CarbonCore
0x0000000020067000 	/System/Library/Frameworks/CoreServices.framework/Versions/A/Frameworks/Metadata.framework/Versions/A/Metadata
0x0000000020067000 	/System/Library/Frameworks/CoreServices.framework/Versions/A/Frameworks/OSServices.framework/Versions/A/OSServices
0x0000000020067000 	/System/Library/Frameworks/CoreServices.framework/Versions/A/Frameworks/SearchKit.framework/Versions/A/SearchKit
0x0000000020067000 	/System/Library/Frameworks/CoreServices.framework/Versions/A/Frameworks/AE.framework/Versions/A/AE
0x0000000020067000 	/System/Library/Frameworks/CoreServices.framework/Versions/A/Frameworks/LaunchServices.framework/Versions/A/LaunchServices
0x0000000020067000 	/System/Library/Frameworks/CoreServices.framework/Versions/A/Frameworks/DictionaryServices.framework/Versions/A/DictionaryServices
0x0000000020067000 	/System/Library/Frameworks/CoreServices.framework/Versions/A/Frameworks/SharedFileList.framework/Versions/A/SharedFileList
0x0000000020067000 	/System/Library/Frameworks/NetFS.framework/Versions/A/NetFS
0x0000000020067000 	/System/Library/PrivateFrameworks/NetAuth.framework/Versions/A/NetAuth
0x0000000020067000 	/System/Library/PrivateFrameworks/login.framework/Versions/A/Frameworks/loginsupport.framework/Versions/A/loginsupport
0x0000000020067000 	/System/Library/PrivateFrameworks/TCC.framework/Versions/A/TCC
0x0000000020067000 	/usr/lib/libmecabra.dylib
0x0000000020067000 	/System/Library/Frameworks/ApplicationServices.framework/Versions/A/Frameworks/ATS.framework/Versions/A/ATS
0x0000000020067000 	/System/Library/Frameworks/ApplicationServices.framework/Versions/A/Frameworks/ColorSync.framework/Versions/A/ColorSync
0x0000000020067000 	/System/Library/Frameworks/ApplicationServices.framework/Versions/A/Frameworks/HIServices.framework/Versions/A/HIServices
0x0000000020067000 	/System/Library/Frameworks/ApplicationServices.framework/Versions/A/Frameworks/LangAnalysis.framework/Versions/A/LangAnalysis
0x0000000020067000 	/System/Library/Frameworks/ApplicationServices.framework/Versions/A/Frameworks/PrintCore.framework/Versions/A/PrintCore
0x0000000020067000 	/System/Library/Frameworks/ApplicationServices.framework/Versions/A/Frameworks/QD.framework/Versions/A/QD
0x0000000020067000 	/System/Library/Frameworks/ApplicationServices.framework/Versions/A/Frameworks/SpeechSynthesis.framework/Versions/A/SpeechSynthesis
0x0000000020067000 	/System/Library/Frameworks/Accelerate.framework/Versions/A/Frameworks/vImage.framework/Versions/A/vImage
0x0000000020067000 	/System/Library/Frameworks/Accelerate.framework/Versions/A/Frameworks/vecLib.framework/Versions/A/vecLib
0x0000000020067000 	/System/Library/Frameworks/Accelerate.framework/Versions/A/Frameworks/vecLib.framework/Versions/A/libvDSP.dylib
0x0000000020067000 	/System/Library/Frameworks/Accelerate.framework/Versions/A/Frameworks/vecLib.framework/Versions/A/libBNNS.dylib
0x0000000020067000 	/System/Library/Frameworks/Accelerate.framework/Versions/A/Frameworks/vecLib.framework/Versions/A/libQuadrature.dylib
0x0000000020067000 	/System/Library/Frameworks/Accelerate.framework/Versions/A/Frameworks/vecLib.framework/Versions/A/libvMisc.dylib
0x0000000020067000 	/System/Library/Frameworks/Accelerate.framework/Versions/A/Frameworks/vecLib.framework/Versions/A/libLAPACK.dylib
0x0000000020067000 	/System/Library/Frameworks/Accelerate.framework/Versions/A/Frameworks/vecLib.framework/Versions/A/libBLAS.dylib
0x0000000020067000 	/System/Library/Frameworks/Accelerate.framework/Versions/A/Frameworks/vecLib.framework/Versions/A/libLinearAlgebra.dylib
0x0000000020067000 	/System/Library/Frameworks/Accelerate.framework/Versions/A/Frameworks/vecLib.framework/Versions/A/libSparseBLAS.dylib
0x0000000020067000 	/System/Library/Frameworks/ApplicationServices.framework/Versions/A/Frameworks/ATS.framework/Versions/A/Resources/libFontParser.dylib
0x0000000020067000 	/System/Library/Frameworks/ApplicationServices.framework/Versions/A/Frameworks/ATS.framework/Versions/A/Resources/libFontRegistry.dylib
0x0000000020067000 	/System/Library/Frameworks/ImageIO.framework/Versions/A/Resources/libJPEG.dylib
0x0000000020067000 	/System/Library/Frameworks/ImageIO.framework/Versions/A/Resources/libTIFF.dylib
0x0000000020067000 	/System/Library/Frameworks/ImageIO.framework/Versions/A/Resources/libPng.dylib
0x0000000020067000 	/System/Library/Frameworks/ImageIO.framework/Versions/A/Resources/libGIF.dylib
0x0000000020067000 	/System/Library/Frameworks/ImageIO.framework/Versions/A/Resources/libJP2.dylib
0x0000000020067000 	/System/Library/Frameworks/ImageIO.framework/Versions/A/Resources/libRadiance.dylib
0x0000000020067000 	/usr/lib/libcompression.dylib
0x0000000020067000 	/System/Library/PrivateFrameworks/AppleJPEG.framework/Versions/A/AppleJPEG
0x0000000020067000 	/usr/lib/libcups.2.dylib
0x0000000020067000 	/System/Library/Frameworks/Kerberos.framework/Versions/A/Kerberos
0x0000000020067000 	/System/Library/Frameworks/GSS.framework/Versions/A/GSS
0x0000000020067000 	/usr/lib/libresolv.9.dylib
0x0000000020067000 	/usr/lib/libiconv.2.dylib
0x0000000020067000 	/System/Library/PrivateFrameworks/Heimdal.framework/Versions/A/Heimdal
0x0000000020067000 	/usr/lib/libheimdal-asn1.dylib
0x0000000020067000 	/System/Library/Frameworks/OpenDirectory.framework/Versions/A/OpenDirectory
0x0000000020067000 	/System/Library/PrivateFrameworks/CommonAuth.framework/Versions/A/CommonAuth
0x0000000020067000 	/System/Library/Frameworks/OpenDirectory.framework/Versions/A/Frameworks/CFOpenDirectory.framework/Versions/A/CFOpenDirectory
0x0000000020067000 	/System/Library/Frameworks/SecurityFoundation.framework/Versions/A/SecurityFoundation
0x0000000020067000 	/System/Library/PrivateFrameworks/LanguageModeling.framework/Versions/A/LanguageModeling
0x0000000020067000 	/usr/lib/libmarisa.dylib
0x0000000020067000 	/usr/lib/libChineseTokenizer.dylib
0x0000000020067000 	/usr/lib/libcmph.dylib
0x0000000020067000 	/System/Library/PrivateFrameworks/CoreEmoji.framework/Versions/A/CoreEmoji
0x0000000020067000 	/System/Library/Frameworks/ServiceManagement.framework/Versions/A/ServiceManagement
0x0000000020067000 	/usr/lib/libxslt.1.dylib
0x0000000020067000 	/System/Library/Frameworks/Carbon.framework/Versions/A/Frameworks/Ink.framework/Versions/A/Ink
0x0000000020067000 	/System/Library/PrivateFrameworks/TextureIO.framework/Versions/A/TextureIO
0x0000000020067000 	/System/Library/Frameworks/Metal.framework/Versions/A/Metal
0x0000000020067000 	/usr/lib/libate.dylib
0x0000000020067000 	/System/Library/PrivateFrameworks/GPUCompiler.framework/libmetal_timestamp.dylib
0x0000000020067000 	/System/Library/Frameworks/OpenGL.framework/Versions/A/Libraries/libCoreFSCache.dylib
0x0000000020067000 	/System/Library/PrivateFrameworks/IOAccelerator.framework/Versions/A/IOAccelerator
0x0000000020067000 	/System/Library/Frameworks/CoreVideo.framework/Versions/A/CoreVideo
0x0000000020067000 	/usr/lib/libFosl_dynamic.dylib
0x0000000020067000 	/System/Library/PrivateFrameworks/MetalPerformanceShaders.framework/Versions/A/MetalPerformanceShaders
0x0000000020067000 	/System/Library/PrivateFrameworks/FaceCore.framework/Versions/A/FaceCore
0x0000000020067000 	/System/Library/Frameworks/OpenCL.framework/Versions/A/OpenCL
0x0000000020067000 	/System/Library/Frameworks/OpenGL.framework/Versions/A/Libraries/libGLU.dylib
0x0000000020067000 	/System/Library/Frameworks/OpenGL.framework/Versions/A/Libraries/libGFXShared.dylib
0x0000000020067000 	/System/Library/Frameworks/OpenGL.framework/Versions/A/Libraries/libGL.dylib
0x0000000020067000 	/System/Library/Frameworks/OpenGL.framework/Versions/A/Libraries/libGLImage.dylib
0x0000000020067000 	/System/Library/Frameworks/OpenGL.framework/Versions/A/Libraries/libCVMSPluginSupport.dylib
0x0000000020067000 	/System/Library/Frameworks/OpenGL.framework/Versions/A/Libraries/libCoreVMClient.dylib
0x0000000020067000 	/System/Library/PrivateFrameworks/CrashReporterSupport.framework/Versions/A/CrashReporterSupport
0x0000000020067000 	/System/Library/PrivateFrameworks/Sharing.framework/Versions/A/Sharing
0x0000000020067000 	/System/Library/PrivateFrameworks/IconServices.framework/Versions/A/IconServices
0x0000000020067000 	/System/Library/PrivateFrameworks/ProtocolBuffer.framework/Versions/A/ProtocolBuffer
0x0000000020067000 	/System/Library/PrivateFrameworks/Apple80211.framework/Versions/A/Apple80211
0x0000000020067000 	/System/Library/Frameworks/CoreWLAN.framework/Versions/A/CoreWLAN
0x0000000020067000 	/System/Library/PrivateFrameworks/CoreUtils.framework/Versions/A/CoreUtils
0x0000000020067000 	/System/Library/Frameworks/IOBluetooth.framework/Versions/A/IOBluetooth
0x0000000020067000 	/System/Library/PrivateFrameworks/CoreWiFi.framework/Versions/A/CoreWiFi
0x0000000020067000 	/System/Library/Frameworks/CoreBluetooth.framework/Versions/A/CoreBluetooth
0x0000000020067000 	/System/Library/Frameworks/CoreDisplay.framework/Versions/A/CoreDisplay
0x0000000020067000 	/System/Library/PrivateFrameworks/IOPresentment.framework/Versions/A/IOPresentment
0x0000000020067000 	/System/Library/PrivateFrameworks/DSExternalDisplay.framework/Versions/A/DSExternalDisplay
0x0000000020067000 	/System/Library/PrivateFrameworks/DebugSymbols.framework/Versions/A/DebugSymbols
0x0000000020067000 	/System/Library/PrivateFrameworks/CoreSymbolication.framework/Versions/A/CoreSymbolication
0x0000000020067000 	/System/Library/PrivateFrameworks/Symbolication.framework/Versions/A/Symbolication
0x0000000020067000 	/System/Library/PrivateFrameworks/AppleFSCompression.framework/Versions/A/AppleFSCompression
0x0000000020067000 	/System/Library/PrivateFrameworks/SpeechRecognitionCore.framework/Versions/A/SpeechRecognitionCore
0x0000000020067000 	/System/Library/PrivateFrameworks/ChunkingLibrary.framework/Versions/A/ChunkingLibrary
0x0000000105200000 	/Library/Java/JavaVirtualMachines/jdk1.8.0_121.jdk/Contents/Home/jre/lib/server/libjvm.dylib
0x0000000020067000 	/usr/lib/libstdc++.6.dylib
0x0000000104955000 	/Library/Java/JavaVirtualMachines/jdk1.8.0_121.jdk/Contents/Home/jre/lib/libverify.dylib
0x0000000104963000 	/Library/Java/JavaVirtualMachines/jdk1.8.0_121.jdk/Contents/Home/jre/lib/libjava.dylib
0x00000001049a2000 	/Library/Java/JavaVirtualMachines/jdk1.8.0_121.jdk/Contents/Home/jre/lib/libzip.dylib
0x00000001195ee000 	/System/Library/Frameworks/JavaVM.framework/Frameworks/JavaRuntimeSupport.framework/JavaRuntimeSupport
0x00000001049e8000 	/System/Library/Frameworks/JavaVM.framework/Versions/A/Frameworks/JavaNativeFoundation.framework/Versions/A/JavaNativeFoundation
0x0000000119608000 	/System/Library/Frameworks/JavaVM.framework/Versions/A/JavaVM
0x0000000020067000 	/System/Library/Frameworks/Carbon.framework/Versions/A/Carbon
0x0000000119615000 	/System/Library/PrivateFrameworks/JavaLaunching.framework/Versions/A/JavaLaunching
0x0000000020067000 	/System/Library/Frameworks/Carbon.framework/Versions/A/Frameworks/CommonPanels.framework/Versions/A/CommonPanels
0x0000000020067000 	/System/Library/Frameworks/Carbon.framework/Versions/A/Frameworks/Help.framework/Versions/A/Help
0x0000000020067000 	/System/Library/Frameworks/Carbon.framework/Versions/A/Frameworks/ImageCapture.framework/Versions/A/ImageCapture
0x0000000020067000 	/System/Library/Frameworks/Carbon.framework/Versions/A/Frameworks/OpenScripting.framework/Versions/A/OpenScripting
0x0000000020067000 	/System/Library/Frameworks/Carbon.framework/Versions/A/Frameworks/Print.framework/Versions/A/Print
0x0000000020067000 	/System/Library/Frameworks/Carbon.framework/Versions/A/Frameworks/SecurityHI.framework/Versions/A/SecurityHI
0x000000011af3e000 	/Library/Java/JavaVirtualMachines/jdk1.8.0_121.jdk/Contents/Home/jre/lib/libawt.dylib
0x000000011afe6000 	/Library/Java/JavaVirtualMachines/jdk1.8.0_121.jdk/Contents/Home/jre/lib/./libmlib_image.dylib
0x000000011b0b2000 	/Library/Java/JavaVirtualMachines/jdk1.8.0_121.jdk/Contents/Home/jre/lib/libawt_lwawt.dylib
0x000000011b169000 	/Library/Java/JavaVirtualMachines/jdk1.8.0_121.jdk/Contents/Home/jre/lib/./libosxapp.dylib
0x0000000020067000 	/System/Library/Frameworks/ExceptionHandling.framework/Versions/A/ExceptionHandling
0x0000000020067000 	/System/Library/PrivateFrameworks/CoreServicesInternal.framework/Versions/A/CoreServicesInternal
0x0000000020067000 	/System/Library/CoreServices/RawCamera.bundle/Contents/MacOS/RawCamera
0x0000000020067000 	/System/Library/Frameworks/Accelerate.framework/Versions/A/Frameworks/vImage.framework/Versions/A/Libraries/libCGInterfaces.dylib
0x0000000020067000 	/System/Library/Frameworks/ApplicationServices.framework/Versions/A/Frameworks/ATS.framework/Versions/A/Resources/libTrueTypeScaler.dylib
0x0000000020067000 	/System/Library/Frameworks/OpenGL.framework/Versions/A/Resources/GLEngine.bundle/GLEngine
0x0000000020067000 	/System/Library/Frameworks/OpenGL.framework/Versions/A/Libraries/libGLProgrammability.dylib
0x000000011ce84000 	/System/Library/Extensions/AppleIntelHD4000GraphicsGLDriver.bundle/Contents/MacOS/AppleIntelHD4000GraphicsGLDriver
0x0000000020067000 	/System/Library/PrivateFrameworks/GPUSupport.framework/Versions/A/Libraries/libGPUSupportMercury.dylib
0x0000000020067000 	/System/Library/Frameworks/OpenGL.framework/Versions/A/Resources/GLRendererFloat.bundle/GLRendererFloat
0x0000000020067000 	/System/Library/Frameworks/OpenCL.framework/Versions/A/Libraries/libcldcpuengine.dylib
0x0000000020067000 	/usr/lib/libcrypto.0.9.8.dylib
0x0000000020067000 	/System/Library/PrivateFrameworks/TrustEvaluationAgent.framework/Versions/A/TrustEvaluationAgent
0x000000011d48e000 	/System/Library/Extensions/AppleIntelHD4000GraphicsMTLDriver.bundle/Contents/MacOS/AppleIntelHD4000GraphicsMTLDriver
0x0000000020067000 	/System/Library/PrivateFrameworks/FamilyControls.framework/Versions/A/FamilyControls
0x0000000020067000 	/System/Library/PrivateFrameworks/CommerceKit.framework/Versions/A/Frameworks/CommerceCore.framework/Versions/A/CommerceCore
0x0000000020067000 	/System/Library/PrivateFrameworks/SystemAdministration.framework/Versions/A/SystemAdministration
0x0000000020067000 	/System/Library/PrivateFrameworks/AppContainer.framework/Versions/A/AppContainer
0x0000000020067000 	/System/Library/PrivateFrameworks/SecCodeWrapper.framework/Versions/A/SecCodeWrapper
0x0000000020067000 	/System/Library/Frameworks/DirectoryService.framework/Versions/A/DirectoryService
0x0000000020067000 	/System/Library/PrivateFrameworks/DiskImages.framework/Versions/A/DiskImages
0x0000000020067000 	/System/Library/PrivateFrameworks/LoginUIKit.framework/Versions/A/Frameworks/LoginUICore.framework/Versions/A/LoginUICore
0x0000000020067000 	/usr/lib/libCoreStorage.dylib
0x0000000020067000 	/usr/lib/libcsfde.dylib
0x0000000020067000 	/usr/lib/libodfde.dylib
0x0000000020067000 	/System/Library/Frameworks/DiscRecording.framework/Versions/A/DiscRecording
0x0000000020067000 	/usr/lib/libcurl.4.dylib
0x0000000020067000 	/System/Library/PrivateFrameworks/MediaKit.framework/Versions/A/MediaKit
0x0000000020067000 	/System/Library/PrivateFrameworks/ProtectedCloudStorage.framework/Versions/A/ProtectedCloudStorage
0x0000000020067000 	/System/Library/PrivateFrameworks/EFILogin.framework/Versions/A/EFILogin
0x0000000020067000 	/usr/lib/libutil.dylib
0x0000000020067000 	/System/Library/Frameworks/LDAP.framework/Versions/A/LDAP
0x0000000020067000 	/usr/lib/libsasl2.2.dylib
0x0000000020067000 	/System/Library/PrivateFrameworks/CoreDaemon.framework/Versions/B/CoreDaemon
0x0000000020067000 	/System/Library/PrivateFrameworks/AppleSRP.framework/Versions/A/AppleSRP
0x0000000020067000 	/System/Library/PrivateFrameworks/APFS.framework/Versions/A/APFS
0x000000011e7b2000 	/Library/Java/JavaVirtualMachines/jdk1.8.0_121.jdk/Contents/Home/jre/lib/libfontmanager.dylib
0x000000011c2b9000 	/Library/Java/JavaVirtualMachines/jdk1.8.0_121.jdk/Contents/Home/jre/lib/libosxui.dylib
0x0000000020067000 	/System/Library/PrivateFrameworks/ViewBridge.framework/Versions/A/ViewBridge
0x0000000020067000 	/System/Library/PrivateFrameworks/XPCService.framework/Versions/A/XPCService
0x0000000020067000 	/System/Library/PrivateFrameworks/AppSandbox.framework/Versions/A/AppSandbox
0x0000000020067000 	/usr/lib/libsandbox.1.dylib
0x0000000020067000 	/usr/lib/libMatch.1.dylib
0x00000001211ee000 	/Library/Java/JavaVirtualMachines/jdk1.8.0_121.jdk/Contents/Home/jre/lib/libnet.dylib
0x000000012124d000 	/Library/Java/JavaVirtualMachines/jdk1.8.0_121.jdk/Contents/Home/jre/lib/libnio.dylib

VM Arguments:
jvm_args: -Dfile.encoding=UTF-8 
java_command: gt.com.lighthouse.sistema.gui.Principal
java_class_path (initial): /Users/oscarreyes/Documents/JAVA/JTattoo-1.6.11.jar:/Users/oscarreyes/Documents/JAVA/postgresql-42.1.4.jar:/Users/oscarreyes/NetBeansProjects/Notas/build/classes
Launcher Type: SUN_STANDARD

Environment Variables:
PATH=/usr/bin:/bin:/usr/sbin:/sbin
LD_LIBRARY_PATH=/Library/Java/JavaVirtualMachines/jdk1.8.0_121.jdk/Contents/Home/jre/lib/amd64:/Library/Java/JavaVirtualMachines/jdk1.8.0_121.jdk/Contents/Home/jre/lib/i386:
SHELL=/bin/bash
DISPLAY=/private/tmp/com.apple.launchd.4WmE3lKSmS/org.macosforge.xquartz:0

Signal Handlers:
SIGSEGV: [libjvm.dylib+0x5b1141], sa_mask[0]=11111111011111110111111111111111, sa_flags=SA_ONSTACK|SA_RESTART|SA_SIGINFO
SIGBUS: [libjvm.dylib+0x5b1141], sa_mask[0]=11111111011111110111111111111111, sa_flags=SA_RESTART|SA_SIGINFO
SIGFPE: [libjvm.dylib+0x487bc4], sa_mask[0]=11111111011111110111111111111111, sa_flags=SA_RESTART|SA_SIGINFO
SIGPIPE: [libjvm.dylib+0x487bc4], sa_mask[0]=11111111011111110111111111111111, sa_flags=SA_RESTART|SA_SIGINFO
SIGXFSZ: [libjvm.dylib+0x487bc4], sa_mask[0]=11111111011111110111111111111111, sa_flags=SA_RESTART|SA_SIGINFO
SIGILL: [libjvm.dylib+0x487bc4], sa_mask[0]=11111111011111110111111111111111, sa_flags=SA_RESTART|SA_SIGINFO
SIGUSR1: SIG_DFL, sa_mask[0]=00000000000000000000000000000000, sa_flags=none
SIGUSR2: [libjvm.dylib+0x4876e2], sa_mask[0]=00100000000000000000000000000000, sa_flags=SA_RESTART|SA_SIGINFO
SIGHUP: [libjvm.dylib+0x485cb9], sa_mask[0]=11111111011111110111111111111111, sa_flags=SA_RESTART|SA_SIGINFO
SIGINT: SIG_IGN, sa_mask[0]=00000000000000000000000000000000, sa_flags=none
SIGTERM: [libjvm.dylib+0x485cb9], sa_mask[0]=11111111011111110111111111111111, sa_flags=SA_RESTART|SA_SIGINFO
SIGQUIT: [libjvm.dylib+0x485cb9], sa_mask[0]=11111111011111110111111111111111, sa_flags=SA_RESTART|SA_SIGINFO


---------------  S Y S T E M  ---------------

OS:Bsduname:Darwin 16.7.0 Darwin Kernel Version 16.7.0: Thu Jun 15 17:36:27 PDT 2017; root:xnu-3789.70.16~2/RELEASE_X86_64 x86_64
rlimit: STACK 8192k, CORE 0k, NPROC 709, NOFILE 10240, AS infinity
load average:4.55 2.82 2.31

CPU:total 4 (2 cores per cpu, 2 threads per core) family 6 model 58 stepping 9, cmov, cx8, fxsr, mmx, sse, sse2, sse3, ssse3, sse4.1, sse4.2, popcnt, avx, aes, clmul, erms, ht, tsc, tscinvbit, tscinv

Memory: 4k page, physical 4194304k(29040k free)

/proc/meminfo:


vm_info: Java HotSpot(TM) 64-Bit Server VM (25.121-b13) for bsd-amd64 JRE (1.8.0_121-b13), built on Dec 12 2016 20:39:32 by "java_re" with gcc 4.2.1 (Based on Apple Inc. build 5658) (LLVM build 2336.11.00)

time: Mon Oct 30 22:46:04 2017
elapsed time: 14 seconds (0d 0h 0m 14s)

