#
# A fatal error has been detected by the Java Runtime Environment:
#
#  SIGSEGV (0xb) at pc=0x00007fff955648dc, pid=1654, tid=0x0000000000000307
#
# JRE version: Java(TM) SE Runtime Environment (8.0_121-b13) (build 1.8.0_121-b13)
# Java VM: Java HotSpot(TM) 64-Bit Server VM (25.121-b13 mixed mode bsd-amd64 compressed oops)
# Problematic frame:
# C  [CoreFoundation+0x238dc]  CFDataGetBytePtr+0x1c
#
# Failed to write core dump. Core dumps have been disabled. To enable core dumping, try "ulimit -c unlimited" before starting Java again
#
# If you would like to submit a bug report, please visit:
#   http://bugreport.java.com/bugreport/crash.jsp
# The crash happened outside the Java Virtual Machine in native code.
# See problematic frame for where to report the bug.
#

---------------  T H R E A D  ---------------

Current thread (0x00007fd6e1987800):  JavaThread "AppKit Thread" daemon [_thread_in_native, id=775, stack(0x00007fff57ffe000,0x00007fff587fe000)]

siginfo: si_signo: 11 (SIGSEGV), si_code: 1 (SEGV_MAPERR), si_addr: 0x0000000000000000

Registers:
RAX=0x000000000000670b, RBX=0x0000000000000000, RCX=0x00041a0000041a00, RDX=0x0000000000000307
RSP=0x00007fff587f9680, RBP=0x00007fff587f9690, RSI=0x0000000000000307, RDI=0x0000000000000000
R8 =0x00007fd6dfc4f348, R9 =0x000000000000b4fa, R10=0x00007fd6dfc4f350, R11=0xffffffff00000000
R12=0x0000000000000119, R13=0x00007fd6dfc6ca30, R14=0x0000000000000000, R15=0x000000000000670b
RIP=0x00007fff955648dc, EFLAGS=0x0000000000010246, ERR=0x0000000000000004
  TRAPNO=0x000000000000000e

Top of Stack: (sp=0x00007fff587f9680)
0x00007fff587f9680:   000000000000670b 00007fd6dfc9b9e0
0x00007fff587f9690:   00007fff587f9710 00007fffa761e02d
0x00007fff587f96a0:   40c0000000000000 40c0000000000000
0x00007fff587f96b0:   0100000000130013 000000000000670b
0x00007fff587f96c0:   0000721700001603 0000000100000000
0x00007fff587f96d0:   0000000000000119 00007fff00000000
0x00007fff587f96e0:   5a62b5e39fc4007e 0000000000007029
0x00007fff587f96f0:   0000000000007029 0000000000000001
0x00007fff587f9700:   0000000000000000 0000000000000119
0x00007fff587f9710:   00007fff587f9900 00007fff9320099d
0x00007fff587f9720:   00007fffb40f1000 0000000000000038
0x00007fff587f9730:   00007fff587f9760 00007fffab312282
0x00007fff587f9740:   0000000000000000 0000000000000038
0x00007fff587f9750:   00dffffffffff5a3 0000000000000000
0x00007fff587f9760:   0000000107421a00 00007fff93cdc459
0x00007fff587f9770:   00007fff93ce90bd 00007fff93cddae6
0x00007fff587f9780:   00007fd6dfccc670 0000000000000012
0x00007fff587f9790:   00007fd6dfcb0b80 00007fff93cdc009
0x00007fff587f97a0:   0000000000000001 00011bff00000000
0x00007fff587f97b0:   0000000000000001 00007fff587f97d0
0x00007fff587f97c0:   00007fd6dfccc778 0000000000000012
0x00007fff587f97d0:   00007fd6dfc6ca30 0000000000007029
0x00007fff587f97e0:   0000000000000000 0000000000000000
0x00007fff587f97f0:   00007fffb40da060 00007fffb016ee80
0x00007fff587f9800:   00007fff587f9820 00007fffab311200
0x00007fff587f9810:   0000000000000000 00007fff587f9868
0x00007fff587f9820:   00007fff587f9850 00007fffab1c488d
0x00007fff587f9830:   00dffffffffff5a3 0000000000011bff
0x00007fff587f9840:   00007fd6dfcb56c0 00007fffb40da060
0x00007fff587f9850:   00007fff587f9900 00007fff932005f3
0x00007fff587f9860:   00007fff587f98f0 00007fffb40da060
0x00007fff587f9870:   00000000c0000000 00007fff93ae5c57 

Instructions: (pc=0x00007fff955648dc)
0x00007fff955648bc:   1f 44 00 00 55 48 89 e5 53 50 48 89 fb 48 83 3d
0x00007fff955648cc:   cf a3 4d 1b ff 0f 85 82 00 00 00 f6 c3 01 75 55
0x00007fff955648dc:   48 8b 03 48 85 c0 74 41 48 8d 0d 4d 9d 4d 1b 48
0x00007fff955648ec:   3b 01 74 35 48 8b 15 b1 a3 4d 1b 31 c9 48 81 fa 

Register to memory mapping:

RAX=0x000000000000670b is an unknown value
RBX=0x0000000000000000 is an unknown value
RCX=0x00041a0000041a00 is an unknown value
RDX=0x0000000000000307 is an unknown value
RSP=0x00007fff587f9680 is pointing into the stack for thread: 0x00007fd6e1987800
RBP=0x00007fff587f9690 is pointing into the stack for thread: 0x00007fd6e1987800
RSI=0x0000000000000307 is an unknown value
RDI=0x0000000000000000 is an unknown value
R8 =0x00007fd6dfc4f348 is an unknown value
R9 =0x000000000000b4fa is an unknown value
R10=0x00007fd6dfc4f350 is an unknown value
R11=0xffffffff00000000 is an unknown value
R12=0x0000000000000119 is an unknown value
R13=0x00007fd6dfc6ca30 is an unknown value
R14=0x0000000000000000 is an unknown value
R15=0x000000000000670b is an unknown value


Stack: [0x00007fff57ffe000,0x00007fff587fe000],  sp=0x00007fff587f9680,  free space=8173k
Native frames: (J=compiled Java code, j=interpreted, Vv=VM code, C=native code)
C  [CoreFoundation+0x238dc]  CFDataGetBytePtr+0x1c
C  [SkyLight+0x20902d]  SLSSetWindowOpaqueShape+0x59
C  [AppKit+0x18999d]  __NSCGSWindowMark__block_invoke+0x2ce
C  [AppKit+0x189458]  NSCGSTransactionRunPreCommitActionsForOrder_+0x121
C  [AppKit+0x18931a]  NSCGSTransactionRunPreCommitActions_+0x15
C  [AppKit+0x1892f9]  __39+[_NSCGSTransaction currentTransaction]_block_invoke+0x22
C  [QuartzCore+0x11d06]  _ZN2CA11Transaction19run_commit_handlersE18CATransactionPhase+0x2e
C  [QuartzCore+0x11bbdb]  _ZN2CA7Context18commit_transactionEPNS_11TransactionE+0x3bf
C  [QuartzCore+0x107e1]  _ZN2CA11Transaction6commitEv+0x1db
C  [AppKit+0x4788b1]  __37+[NSDisplayCycle currentDisplayCycle]_block_invoke.31+0x143
C  [CoreFoundation+0xa3de7]  __CFRUNLOOP_IS_CALLING_OUT_TO_AN_OBSERVER_CALLBACK_FUNCTION__+0x17
C  [CoreFoundation+0xa3d57]  __CFRunLoopDoObservers+0x187
C  [CoreFoundation+0x84b09]  __CFRunLoopRun+0x369
C  [CoreFoundation+0x84544]  CFRunLoopRunSpecific+0x1a4
C  [HIToolbox+0x30ebc]  RunCurrentEventLoopInMode+0xf0
C  [HIToolbox+0x30bf9]  ReceiveNextEventCommon+0xb8
C  [HIToolbox+0x30b26]  _BlockUntilNextEventMatchingListInModeWithFilter+0x47
C  [AppKit+0x46a54]  _DPSNextEvent+0x460
C  [AppKit+0x7c27ee]  -[NSApplication(NSEvent) _nextEventMatchingEventMask:untilDate:inMode:dequeue:]+0xaec
C  [libosxapp.dylib+0x23aa]  -[NSApplicationAWT nextEventMatchingMask:untilDate:inMode:dequeue:]+0x7c
C  [AppKit+0x3b3db]  -[NSApplication run]+0x39e
C  [libosxapp.dylib+0x214d]  +[NSApplicationAWT runAWTLoopWithApp:]+0x9c
C  [libawt_lwawt.dylib+0x45ff7]  -[AWTStarter starter:]+0x389
C  [Foundation+0x7152a]  __NSThreadPerformPerform+0x146
C  [CoreFoundation+0xa43e1]  __CFRUNLOOP_IS_CALLING_OUT_TO_A_SOURCE0_PERFORM_FUNCTION__+0x11
C  [CoreFoundation+0x8565c]  __CFRunLoopDoSources0+0x22c
C  [CoreFoundation+0x84b46]  __CFRunLoopRun+0x3a6
C  [CoreFoundation+0x84544]  CFRunLoopRunSpecific+0x1a4
C  [java+0x6465]  CreateExecutionEnvironment+0x367
C  [java+0x218c]  JLI_Launch+0x7a0
C  [java+0x84c2]  main+0x65
C  [java+0x19e4]  start+0x34
C  0x0000000000000005


---------------  P R O C E S S  ---------------

Java Threads: ( => current thread )
  0x00007fd6e1801800 JavaThread "DestroyJavaVM" [_thread_blocked, id=6915, stack(0x0000700004900000,0x0000700004a00000)]
  0x00007fd6e0233800 JavaThread "AWT-EventQueue-0" [_thread_in_native, id=62475, stack(0x0000700005bbc000,0x0000700005cbc000)]
  0x00007fd6e119f800 JavaThread "Java2D Disposer" daemon [_thread_blocked, id=57103, stack(0x0000700005ab9000,0x0000700005bb9000)]
  0x00007fd6e0845000 JavaThread "Java2D Queue Flusher" daemon [_thread_blocked, id=55047, stack(0x00007000059b6000,0x0000700005ab6000)]
  0x00007fd6e112e000 JavaThread "AWT-Shutdown" [_thread_blocked, id=30495, stack(0x0000700005830000,0x0000700005930000)]
=>0x00007fd6e1987800 JavaThread "AppKit Thread" daemon [_thread_in_native, id=775, stack(0x00007fff57ffe000,0x00007fff587fe000)]
  0x00007fd6e0043000 JavaThread "Service Thread" daemon [_thread_blocked, id=18691, stack(0x00007000055a7000,0x00007000056a7000)]
  0x00007fd6e0042800 JavaThread "C1 CompilerThread2" daemon [_thread_blocked, id=18179, stack(0x00007000054a4000,0x00007000055a4000)]
  0x00007fd6e0041800 JavaThread "C2 CompilerThread1" daemon [_thread_blocked, id=17667, stack(0x00007000053a1000,0x00007000054a1000)]
  0x00007fd6e1823800 JavaThread "C2 CompilerThread0" daemon [_thread_blocked, id=17155, stack(0x000070000529e000,0x000070000539e000)]
  0x00007fd6e000a000 JavaThread "Signal Dispatcher" daemon [_thread_blocked, id=16643, stack(0x000070000519b000,0x000070000529b000)]
  0x00007fd6e180c800 JavaThread "Finalizer" daemon [_thread_blocked, id=12291, stack(0x0000700005015000,0x0000700005115000)]
  0x00007fd6e080e800 JavaThread "Reference Handler" daemon [_thread_blocked, id=11779, stack(0x0000700004f12000,0x0000700005012000)]

Other Threads:
  0x00007fd6e080c000 VMThread [stack: 0x0000700004e0f000,0x0000700004f0f000] [id=11267]
  0x00007fd6e1841800 WatcherThread [stack: 0x00007000056aa000,0x00007000057aa000] [id=19203]

VM state:not at safepoint (normal execution)

VM Mutex/Monitor currently owned by a thread: None

Heap:
 PSYoungGen      total 18944K, used 6229K [0x00000007aab00000, 0x00000007ac000000, 0x00000007c0000000)
  eden space 16384K, 38% used [0x00000007aab00000,0x00000007ab115500,0x00000007abb00000)
  from space 2560K, 0% used [0x00000007abd80000,0x00000007abd80000,0x00000007ac000000)
  to   space 2560K, 0% used [0x00000007abb00000,0x00000007abb00000,0x00000007abd80000)
 ParOldGen       total 44032K, used 0K [0x0000000780000000, 0x0000000782b00000, 0x00000007aab00000)
  object space 44032K, 0% used [0x0000000780000000,0x0000000780000000,0x0000000782b00000)
 Metaspace       used 10307K, capacity 10486K, committed 10624K, reserved 1058816K
  class space    used 1336K, capacity 1407K, committed 1408K, reserved 1048576K

Card table byte_map: [0x0000000109162000,0x0000000109363000] byte_map_base: 0x0000000105562000

Marking Bits: (ParMarkBitMap*) 0x00000001086f0d30
 Begin Bits: [0x00000001094b9000, 0x000000010a4b9000)
 End Bits:   [0x000000010a4b9000, 0x000000010b4b9000)

Polling page: 0x00000001074c2000

CodeCache: size=245760Kb used=2060Kb max_used=2066Kb free=243699Kb
 bounds [0x0000000115343000, 0x00000001155b3000, 0x0000000124343000]
 total_blobs=911 nmethods=433 adapters=392
 compilation: enabled

Compilation events (10 events):
Event: 6.503 Thread 0x00007fd6e0042800  431       3       java.util.ArrayList$Itr::hasNext (20 bytes)
Event: 6.503 Thread 0x00007fd6e0042800 nmethod 431 0x0000000115546d10 code [0x0000000115546e80, 0x0000000115547050]
Event: 6.503 Thread 0x00007fd6e0042800  430       1       javax.swing.GroupLayout$ComponentInfo::isVisible (5 bytes)
Event: 6.503 Thread 0x00007fd6e0042800 nmethod 430 0x0000000115546a50 code [0x0000000115546ba0, 0x0000000115546cb0]
Event: 6.503 Thread 0x00007fd6e0042800  428       1       javax.swing.plaf.synth.SynthContext::getStyle (5 bytes)
Event: 6.503 Thread 0x00007fd6e0042800 nmethod 428 0x0000000115546790 code [0x00000001155468e0, 0x00000001155469f0]
Event: 6.503 Thread 0x00007fd6e0042800  432       1       java.lang.Boolean::booleanValue (5 bytes)
Event: 6.503 Thread 0x00007fd6e0042800 nmethod 432 0x00000001155464d0 code [0x0000000115546620, 0x0000000115546730]
Event: 6.504 Thread 0x00007fd6e0042800  433       1       java.util.concurrent.locks.AbstractQueuedSynchronizer::getState (5 bytes)
Event: 6.504 Thread 0x00007fd6e0042800 nmethod 433 0x0000000115546210 code [0x0000000115546360, 0x0000000115546470]

GC Heap History (0 events):
No events

Deoptimization events (1 events):
Event: 6.492 Thread 0x00007fd6e0233800 Uncommon trap: reason=unstable_if action=reinterpret pc=0x00000001155345c0 method=java.lang.String.toLowerCase(Ljava/util/Locale;)Ljava/lang/String; @ 85

Internal exceptions (10 events):
Event: 0.951 Thread 0x00007fd6e1801800 Exception <a 'java/lang/ClassNotFoundException': ToolBar> (0x00000007aaeb3a58) thrown at [/Users/java_re/workspace/8-2-build-macosx-x86_64/jdk8u121/8372/hotspot/src/share/vm/classfile/systemDictionary.cpp, line 210]
Event: 0.951 Thread 0x00007fd6e1801800 Exception <a 'java/lang/ClassNotFoundException': ToggleButton> (0x00000007aaeb4008) thrown at [/Users/java_re/workspace/8-2-build-macosx-x86_64/jdk8u121/8372/hotspot/src/share/vm/classfile/systemDictionary.cpp, line 210]
Event: 0.951 Thread 0x00007fd6e1801800 Exception <a 'java/lang/ClassNotFoundException': javax/swing/JToolBarSeparator> (0x00000007aaeb4468) thrown at [/Users/java_re/workspace/8-2-build-macosx-x86_64/jdk8u121/8372/hotspot/src/share/vm/classfile/systemDictionary.cpp, line 210]
Event: 0.951 Thread 0x00007fd6e1801800 Exception <a 'java/lang/ClassNotFoundException': ToolBarSeparator> (0x00000007aaeb4900) thrown at [/Users/java_re/workspace/8-2-build-macosx-x86_64/jdk8u121/8372/hotspot/src/share/vm/classfile/systemDictionary.cpp, line 210]
Event: 0.951 Thread 0x00007fd6e1801800 Exception <a 'java/lang/ClassNotFoundException': ToolTip> (0x00000007aaeb5040) thrown at [/Users/java_re/workspace/8-2-build-macosx-x86_64/jdk8u121/8372/hotspot/src/share/vm/classfile/systemDictionary.cpp, line 210]
Event: 0.953 Thread 0x00007fd6e1801800 Exception <a 'java/lang/ClassNotFoundException': Tree> (0x00000007aaeb5c60) thrown at [/Users/java_re/workspace/8-2-build-macosx-x86_64/jdk8u121/8372/hotspot/src/share/vm/classfile/systemDictionary.cpp, line 210]
Event: 0.953 Thread 0x00007fd6e1801800 Exception <a 'java/lang/ClassNotFoundException': Tree> (0x00000007aaeb63a0) thrown at [/Users/java_re/workspace/8-2-build-macosx-x86_64/jdk8u121/8372/hotspot/src/share/vm/classfile/systemDictionary.cpp, line 210]
Event: 0.953 Thread 0x00007fd6e1801800 Exception <a 'java/lang/ClassNotFoundException': javax/swing/JTreeCell> (0x00000007aaeb6720) thrown at [/Users/java_re/workspace/8-2-build-macosx-x86_64/jdk8u121/8372/hotspot/src/share/vm/classfile/systemDictionary.cpp, line 210]
Event: 0.953 Thread 0x00007fd6e1801800 Exception <a 'java/lang/ClassNotFoundException': TreeCell> (0x00000007aaeb6ba8) thrown at [/Users/java_re/workspace/8-2-build-macosx-x86_64/jdk8u121/8372/hotspot/src/share/vm/classfile/systemDictionary.cpp, line 210]
Event: 0.954 Thread 0x00007fd6e1801800 Exception <a 'java/lang/ClassNotFoundException': RootPane> (0x00000007aaeb7608) thrown at [/Users/java_re/workspace/8-2-build-macosx-x86_64/jdk8u121/8372/hotspot/src/share/vm/classfile/systemDictionary.cpp, line 210]

Events (10 events):
Event: 6.537 loading class java/io/PrintWriter
Event: 6.537 loading class java/io/PrintWriter done
Event: 6.538 loading class java/lang/Throwable$WrappedPrintWriter
Event: 6.538 loading class java/lang/Throwable$PrintStreamOrWriter
Event: 6.538 loading class java/lang/Throwable$PrintStreamOrWriter done
Event: 6.538 loading class java/lang/Throwable$WrappedPrintWriter done
Event: 6.538 loading class java/util/IdentityHashMap$KeySet
Event: 6.538 loading class java/util/IdentityHashMap$KeySet done
Event: 6.538 Executing VM operation: RevokeBias
Event: 6.538 Executing VM operation: RevokeBias done


Dynamic libraries:
0x0000000020067000 	/System/Library/Frameworks/Cocoa.framework/Versions/A/Cocoa
0x0000000020067000 	/System/Library/Frameworks/Security.framework/Versions/A/Security
0x0000000020067000 	/System/Library/Frameworks/ApplicationServices.framework/Versions/A/ApplicationServices
0x0000000020067000 	/usr/lib/libz.1.dylib
0x0000000020067000 	/usr/lib/libSystem.B.dylib
0x0000000020067000 	/usr/lib/libobjc.A.dylib
0x0000000020067000 	/System/Library/Frameworks/CoreFoundation.framework/Versions/A/CoreFoundation
0x0000000020067000 	/System/Library/Frameworks/Foundation.framework/Versions/C/Foundation
0x0000000020067000 	/System/Library/Frameworks/AppKit.framework/Versions/C/AppKit
0x0000000020067000 	/System/Library/Frameworks/CoreData.framework/Versions/A/CoreData
0x0000000020067000 	/System/Library/PrivateFrameworks/RemoteViewServices.framework/Versions/A/RemoteViewServices
0x0000000020067000 	/System/Library/PrivateFrameworks/UIFoundation.framework/Versions/A/UIFoundation
0x0000000020067000 	/System/Library/PrivateFrameworks/DFRFoundation.framework/Versions/A/DFRFoundation
0x0000000020067000 	/usr/lib/libenergytrace.dylib
0x0000000020067000 	/System/Library/PrivateFrameworks/SkyLight.framework/Versions/A/SkyLight
0x0000000020067000 	/System/Library/Frameworks/CoreGraphics.framework/Versions/A/CoreGraphics
0x0000000020067000 	/usr/lib/libScreenReader.dylib
0x0000000020067000 	/System/Library/Frameworks/Accelerate.framework/Versions/A/Accelerate
0x0000000020067000 	/System/Library/Frameworks/IOSurface.framework/Versions/A/IOSurface
0x0000000020067000 	/System/Library/Frameworks/AudioToolbox.framework/Versions/A/AudioToolbox
0x0000000020067000 	/System/Library/Frameworks/AudioUnit.framework/Versions/A/AudioUnit
0x0000000020067000 	/System/Library/PrivateFrameworks/DataDetectorsCore.framework/Versions/A/DataDetectorsCore
0x0000000020067000 	/System/Library/PrivateFrameworks/DesktopServicesPriv.framework/Versions/A/DesktopServicesPriv
0x0000000020067000 	/System/Library/Frameworks/Carbon.framework/Versions/A/Frameworks/HIToolbox.framework/Versions/A/HIToolbox
0x0000000020067000 	/usr/lib/libicucore.A.dylib
0x0000000020067000 	/System/Library/Frameworks/QuartzCore.framework/Versions/A/QuartzCore
0x0000000020067000 	/System/Library/Frameworks/Carbon.framework/Versions/A/Frameworks/SpeechRecognition.framework/Versions/A/SpeechRecognition
0x0000000020067000 	/usr/lib/libauto.dylib
0x0000000020067000 	/usr/lib/libxml2.2.dylib
0x0000000020067000 	/System/Library/PrivateFrameworks/CoreUI.framework/Versions/A/CoreUI
0x0000000020067000 	/System/Library/Frameworks/CoreAudio.framework/Versions/A/CoreAudio
0x0000000020067000 	/System/Library/Frameworks/DiskArbitration.framework/Versions/A/DiskArbitration
0x0000000020067000 	/usr/lib/liblangid.dylib
0x0000000020067000 	/System/Library/PrivateFrameworks/MultitouchSupport.framework/Versions/A/MultitouchSupport
0x0000000020067000 	/System/Library/Frameworks/IOKit.framework/Versions/A/IOKit
0x0000000020067000 	/usr/lib/libDiagnosticMessagesClient.dylib
0x0000000020067000 	/System/Library/Frameworks/CoreServices.framework/Versions/A/CoreServices
0x0000000020067000 	/System/Library/PrivateFrameworks/PerformanceAnalysis.framework/Versions/A/PerformanceAnalysis
0x0000000020067000 	/System/Library/PrivateFrameworks/GenerationalStorage.framework/Versions/A/GenerationalStorage
0x0000000020067000 	/System/Library/Frameworks/OpenGL.framework/Versions/A/OpenGL
0x0000000020067000 	/System/Library/Frameworks/CoreImage.framework/Versions/A/CoreImage
0x0000000020067000 	/System/Library/Frameworks/CoreText.framework/Versions/A/CoreText
0x0000000020067000 	/System/Library/Frameworks/ImageIO.framework/Versions/A/ImageIO
0x0000000020067000 	/System/Library/PrivateFrameworks/Backup.framework/Versions/A/Backup
0x0000000020067000 	/usr/lib/libarchive.2.dylib
0x0000000020067000 	/System/Library/Frameworks/CFNetwork.framework/Versions/A/CFNetwork
0x0000000020067000 	/System/Library/Frameworks/SystemConfiguration.framework/Versions/A/SystemConfiguration
0x0000000020067000 	/usr/lib/libCRFSuite.dylib
0x0000000020067000 	/usr/lib/libc++.1.dylib
0x0000000020067000 	/usr/lib/libc++abi.dylib
0x0000000020067000 	/usr/lib/system/libcache.dylib
0x0000000020067000 	/usr/lib/system/libcommonCrypto.dylib
0x0000000020067000 	/usr/lib/system/libcompiler_rt.dylib
0x0000000020067000 	/usr/lib/system/libcopyfile.dylib
0x0000000020067000 	/usr/lib/system/libcorecrypto.dylib
0x0000000020067000 	/usr/lib/system/libdispatch.dylib
0x0000000020067000 	/usr/lib/system/libdyld.dylib
0x0000000020067000 	/usr/lib/system/libkeymgr.dylib
0x0000000020067000 	/usr/lib/system/liblaunch.dylib
0x0000000020067000 	/usr/lib/system/libmacho.dylib
0x0000000020067000 	/usr/lib/system/libquarantine.dylib
0x0000000020067000 	/usr/lib/system/libremovefile.dylib
0x0000000020067000 	/usr/lib/system/libsystem_asl.dylib
0x0000000020067000 	/usr/lib/system/libsystem_blocks.dylib
0x0000000020067000 	/usr/lib/system/libsystem_c.dylib
0x0000000020067000 	/usr/lib/system/libsystem_configuration.dylib
0x0000000020067000 	/usr/lib/system/libsystem_coreservices.dylib
0x0000000020067000 	/usr/lib/system/libsystem_coretls.dylib
0x0000000020067000 	/usr/lib/system/libsystem_dnssd.dylib
0x0000000020067000 	/usr/lib/system/libsystem_info.dylib
0x0000000020067000 	/usr/lib/system/libsystem_kernel.dylib
0x0000000020067000 	/usr/lib/system/libsystem_m.dylib
0x0000000020067000 	/usr/lib/system/libsystem_malloc.dylib
0x0000000020067000 	/usr/lib/system/libsystem_network.dylib
0x0000000020067000 	/usr/lib/system/libsystem_networkextension.dylib
0x0000000020067000 	/usr/lib/system/libsystem_notify.dylib
0x0000000020067000 	/usr/lib/system/libsystem_platform.dylib
0x0000000020067000 	/usr/lib/system/libsystem_pthread.dylib
0x0000000020067000 	/usr/lib/system/libsystem_sandbox.dylib
0x0000000020067000 	/usr/lib/system/libsystem_secinit.dylib
0x0000000020067000 	/usr/lib/system/libsystem_symptoms.dylib
0x0000000020067000 	/usr/lib/system/libsystem_trace.dylib
0x0000000020067000 	/usr/lib/system/libunwind.dylib
0x0000000020067000 	/usr/lib/system/libxpc.dylib
0x0000000020067000 	/usr/lib/libbsm.0.dylib
0x0000000020067000 	/usr/lib/system/libkxld.dylib
0x0000000020067000 	/usr/lib/libcoretls.dylib
0x0000000020067000 	/usr/lib/libcoretls_cfhelpers.dylib
0x0000000020067000 	/usr/lib/libOpenScriptingUtil.dylib
0x0000000020067000 	/usr/lib/libpam.2.dylib
0x0000000020067000 	/usr/lib/libsqlite3.dylib
0x0000000020067000 	/usr/lib/libxar.1.dylib
0x0000000020067000 	/usr/lib/libbz2.1.0.dylib
0x0000000020067000 	/usr/lib/liblzma.5.dylib
0x0000000020067000 	/usr/lib/libnetwork.dylib
0x0000000020067000 	/usr/lib/libpcap.A.dylib
0x0000000020067000 	/System/Library/Frameworks/CoreServices.framework/Versions/A/Frameworks/FSEvents.framework/Versions/A/FSEvents
0x0000000020067000 	/System/Library/Frameworks/CoreServices.framework/Versions/A/Frameworks/CarbonCore.framework/Versions/A/CarbonCore
0x0000000020067000 	/System/Library/Frameworks/CoreServices.framework/Versions/A/Frameworks/Metadata.framework/Versions/A/Metadata
0x0000000020067000 	/System/Library/Frameworks/CoreServices.framework/Versions/A/Frameworks/OSServices.framework/Versions/A/OSServices
0x0000000020067000 	/System/Library/Frameworks/CoreServices.framework/Versions/A/Frameworks/SearchKit.framework/Versions/A/SearchKit
0x0000000020067000 	/System/Library/Frameworks/CoreServices.framework/Versions/A/Frameworks/AE.framework/Versions/A/AE
0x0000000020067000 	/System/Library/Frameworks/CoreServices.framework/Versions/A/Frameworks/LaunchServices.framework/Versions/A/LaunchServices
0x0000000020067000 	/System/Library/Frameworks/CoreServices.framework/Versions/A/Frameworks/DictionaryServices.framework/Versions/A/DictionaryServices
0x0000000020067000 	/System/Library/Frameworks/CoreServices.framework/Versions/A/Frameworks/SharedFileList.framework/Versions/A/SharedFileList
0x0000000020067000 	/System/Library/Frameworks/NetFS.framework/Versions/A/NetFS
0x0000000020067000 	/System/Library/PrivateFrameworks/NetAuth.framework/Versions/A/NetAuth
0x0000000020067000 	/System/Library/PrivateFrameworks/login.framework/Versions/A/Frameworks/loginsupport.framework/Versions/A/loginsupport
0x0000000020067000 	/System/Library/PrivateFrameworks/TCC.framework/Versions/A/TCC
0x0000000020067000 	/usr/lib/libmecabra.dylib
0x0000000020067000 	/System/Library/Frameworks/ApplicationServices.framework/Versions/A/Frameworks/ATS.framework/Versions/A/ATS
0x0000000020067000 	/System/Library/Frameworks/ApplicationServices.framework/Versions/A/Frameworks/ColorSync.framework/Versions/A/ColorSync
0x0000000020067000 	/System/Library/Frameworks/ApplicationServices.framework/Versions/A/Frameworks/HIServices.framework/Versions/A/HIServices
0x0000000020067000 	/System/Library/Frameworks/ApplicationServices.framework/Versions/A/Frameworks/LangAnalysis.framework/Versions/A/LangAnalysis
0x0000000020067000 	/System/Library/Frameworks/ApplicationServices.framework/Versions/A/Frameworks/PrintCore.framework/Versions/A/PrintCore
0x0000000020067000 	/System/Library/Frameworks/ApplicationServices.framework/Versions/A/Frameworks/QD.framework/Versions/A/QD
0x0000000020067000 	/System/Library/Frameworks/ApplicationServices.framework/Versions/A/Frameworks/SpeechSynthesis.framework/Versions/A/SpeechSynthesis
0x0000000020067000 	/System/Library/Frameworks/Accelerate.framework/Versions/A/Frameworks/vImage.framework/Versions/A/vImage
0x0000000020067000 	/System/Library/Frameworks/Accelerate.framework/Versions/A/Frameworks/vecLib.framework/Versions/A/vecLib
0x0000000020067000 	/System/Library/Frameworks/Accelerate.framework/Versions/A/Frameworks/vecLib.framework/Versions/A/libvDSP.dylib
0x0000000020067000 	/System/Library/Frameworks/Accelerate.framework/Versions/A/Frameworks/vecLib.framework/Versions/A/libBNNS.dylib
0x0000000020067000 	/System/Library/Frameworks/Accelerate.framework/Versions/A/Frameworks/vecLib.framework/Versions/A/libQuadrature.dylib
0x0000000020067000 	/System/Library/Frameworks/Accelerate.framework/Versions/A/Frameworks/vecLib.framework/Versions/A/libvMisc.dylib
0x0000000020067000 	/System/Library/Frameworks/Accelerate.framework/Versions/A/Frameworks/vecLib.framework/Versions/A/libLAPACK.dylib
0x0000000020067000 	/System/Library/Frameworks/Accelerate.framework/Versions/A/Frameworks/vecLib.framework/Versions/A/libBLAS.dylib
0x0000000020067000 	/System/Library/Frameworks/Accelerate.framework/Versions/A/Frameworks/vecLib.framework/Versions/A/libLinearAlgebra.dylib
0x0000000020067000 	/System/Library/Frameworks/Accelerate.framework/Versions/A/Frameworks/vecLib.framework/Versions/A/libSparseBLAS.dylib
0x0000000020067000 	/System/Library/Frameworks/ApplicationServices.framework/Versions/A/Frameworks/ATS.framework/Versions/A/Resources/libFontParser.dylib
0x0000000020067000 	/System/Library/Frameworks/ApplicationServices.framework/Versions/A/Frameworks/ATS.framework/Versions/A/Resources/libFontRegistry.dylib
0x0000000020067000 	/System/Library/Frameworks/ImageIO.framework/Versions/A/Resources/libJPEG.dylib
0x0000000020067000 	/System/Library/Frameworks/ImageIO.framework/Versions/A/Resources/libTIFF.dylib
0x0000000020067000 	/System/Library/Frameworks/ImageIO.framework/Versions/A/Resources/libPng.dylib
0x0000000020067000 	/System/Library/Frameworks/ImageIO.framework/Versions/A/Resources/libGIF.dylib
0x0000000020067000 	/System/Library/Frameworks/ImageIO.framework/Versions/A/Resources/libJP2.dylib
0x0000000020067000 	/System/Library/Frameworks/ImageIO.framework/Versions/A/Resources/libRadiance.dylib
0x0000000020067000 	/usr/lib/libcompression.dylib
0x0000000020067000 	/System/Library/PrivateFrameworks/AppleJPEG.framework/Versions/A/AppleJPEG
0x0000000020067000 	/usr/lib/libcups.2.dylib
0x0000000020067000 	/System/Library/Frameworks/Kerberos.framework/Versions/A/Kerberos
0x0000000020067000 	/System/Library/Frameworks/GSS.framework/Versions/A/GSS
0x0000000020067000 	/usr/lib/libresolv.9.dylib
0x0000000020067000 	/usr/lib/libiconv.2.dylib
0x0000000020067000 	/System/Library/PrivateFrameworks/Heimdal.framework/Versions/A/Heimdal
0x0000000020067000 	/usr/lib/libheimdal-asn1.dylib
0x0000000020067000 	/System/Library/Frameworks/OpenDirectory.framework/Versions/A/OpenDirectory
0x0000000020067000 	/System/Library/PrivateFrameworks/CommonAuth.framework/Versions/A/CommonAuth
0x0000000020067000 	/System/Library/Frameworks/OpenDirectory.framework/Versions/A/Frameworks/CFOpenDirectory.framework/Versions/A/CFOpenDirectory
0x0000000020067000 	/System/Library/Frameworks/SecurityFoundation.framework/Versions/A/SecurityFoundation
0x0000000020067000 	/System/Library/PrivateFrameworks/LanguageModeling.framework/Versions/A/LanguageModeling
0x0000000020067000 	/usr/lib/libmarisa.dylib
0x0000000020067000 	/usr/lib/libChineseTokenizer.dylib
0x0000000020067000 	/usr/lib/libcmph.dylib
0x0000000020067000 	/System/Library/PrivateFrameworks/CoreEmoji.framework/Versions/A/CoreEmoji
0x0000000020067000 	/System/Library/Frameworks/ServiceManagement.framework/Versions/A/ServiceManagement
0x0000000020067000 	/usr/lib/libxslt.1.dylib
0x0000000020067000 	/System/Library/Frameworks/Carbon.framework/Versions/A/Frameworks/Ink.framework/Versions/A/Ink
0x0000000020067000 	/System/Library/PrivateFrameworks/TextureIO.framework/Versions/A/TextureIO
0x0000000020067000 	/System/Library/Frameworks/Metal.framework/Versions/A/Metal
0x0000000020067000 	/usr/lib/libate.dylib
0x0000000020067000 	/System/Library/PrivateFrameworks/GPUCompiler.framework/libmetal_timestamp.dylib
0x0000000020067000 	/System/Library/Frameworks/OpenGL.framework/Versions/A/Libraries/libCoreFSCache.dylib
0x0000000020067000 	/System/Library/PrivateFrameworks/IOAccelerator.framework/Versions/A/IOAccelerator
0x0000000020067000 	/System/Library/Frameworks/CoreVideo.framework/Versions/A/CoreVideo
0x0000000020067000 	/usr/lib/libFosl_dynamic.dylib
0x0000000020067000 	/System/Library/PrivateFrameworks/MetalPerformanceShaders.framework/Versions/A/MetalPerformanceShaders
0x0000000020067000 	/System/Library/PrivateFrameworks/FaceCore.framework/Versions/A/FaceCore
0x0000000020067000 	/System/Library/Frameworks/OpenCL.framework/Versions/A/OpenCL
0x0000000020067000 	/System/Library/Frameworks/OpenGL.framework/Versions/A/Libraries/libGLU.dylib
0x0000000020067000 	/System/Library/Frameworks/OpenGL.framework/Versions/A/Libraries/libGFXShared.dylib
0x0000000020067000 	/System/Library/Frameworks/OpenGL.framework/Versions/A/Libraries/libGL.dylib
0x0000000020067000 	/System/Library/Frameworks/OpenGL.framework/Versions/A/Libraries/libGLImage.dylib
0x0000000020067000 	/System/Library/Frameworks/OpenGL.framework/Versions/A/Libraries/libCVMSPluginSupport.dylib
0x0000000020067000 	/System/Library/Frameworks/OpenGL.framework/Versions/A/Libraries/libCoreVMClient.dylib
0x0000000020067000 	/System/Library/PrivateFrameworks/CrashReporterSupport.framework/Versions/A/CrashReporterSupport
0x0000000020067000 	/System/Library/PrivateFrameworks/Sharing.framework/Versions/A/Sharing
0x0000000020067000 	/System/Library/PrivateFrameworks/IconServices.framework/Versions/A/IconServices
0x0000000020067000 	/System/Library/PrivateFrameworks/ProtocolBuffer.framework/Versions/A/ProtocolBuffer
0x0000000020067000 	/System/Library/PrivateFrameworks/Apple80211.framework/Versions/A/Apple80211
0x0000000020067000 	/System/Library/Frameworks/CoreWLAN.framework/Versions/A/CoreWLAN
0x0000000020067000 	/System/Library/PrivateFrameworks/CoreUtils.framework/Versions/A/CoreUtils
0x0000000020067000 	/System/Library/Frameworks/IOBluetooth.framework/Versions/A/IOBluetooth
0x0000000020067000 	/System/Library/PrivateFrameworks/CoreWiFi.framework/Versions/A/CoreWiFi
0x0000000020067000 	/System/Library/Frameworks/CoreBluetooth.framework/Versions/A/CoreBluetooth
0x0000000020067000 	/System/Library/Frameworks/CoreDisplay.framework/Versions/A/CoreDisplay
0x0000000020067000 	/System/Library/PrivateFrameworks/IOPresentment.framework/Versions/A/IOPresentment
0x0000000020067000 	/System/Library/PrivateFrameworks/DSExternalDisplay.framework/Versions/A/DSExternalDisplay
0x0000000020067000 	/System/Library/PrivateFrameworks/DebugSymbols.framework/Versions/A/DebugSymbols
0x0000000020067000 	/System/Library/PrivateFrameworks/CoreSymbolication.framework/Versions/A/CoreSymbolication
0x0000000020067000 	/System/Library/PrivateFrameworks/Symbolication.framework/Versions/A/Symbolication
0x0000000020067000 	/System/Library/PrivateFrameworks/AppleFSCompression.framework/Versions/A/AppleFSCompression
0x0000000020067000 	/System/Library/PrivateFrameworks/SpeechRecognitionCore.framework/Versions/A/SpeechRecognitionCore
0x0000000020067000 	/System/Library/PrivateFrameworks/ChunkingLibrary.framework/Versions/A/ChunkingLibrary
0x0000000107e00000 	/Library/Java/JavaVirtualMachines/jdk1.8.0_121.jdk/Contents/Home/jre/lib/server/libjvm.dylib
0x0000000020067000 	/usr/lib/libstdc++.6.dylib
0x000000010747f000 	/Library/Java/JavaVirtualMachines/jdk1.8.0_121.jdk/Contents/Home/jre/lib/libverify.dylib
0x000000010748d000 	/Library/Java/JavaVirtualMachines/jdk1.8.0_121.jdk/Contents/Home/jre/lib/libjava.dylib
0x00000001074cc000 	/Library/Java/JavaVirtualMachines/jdk1.8.0_121.jdk/Contents/Home/jre/lib/libzip.dylib
0x00000001075e3000 	/System/Library/Frameworks/JavaVM.framework/Frameworks/JavaRuntimeSupport.framework/JavaRuntimeSupport
0x000000010d08f000 	/System/Library/Frameworks/JavaVM.framework/Versions/A/Frameworks/JavaNativeFoundation.framework/Versions/A/JavaNativeFoundation
0x000000010d0a4000 	/System/Library/Frameworks/JavaVM.framework/Versions/A/JavaVM
0x0000000020067000 	/System/Library/Frameworks/Carbon.framework/Versions/A/Carbon
0x000000010d0b1000 	/System/Library/PrivateFrameworks/JavaLaunching.framework/Versions/A/JavaLaunching
0x0000000020067000 	/System/Library/Frameworks/Carbon.framework/Versions/A/Frameworks/CommonPanels.framework/Versions/A/CommonPanels
0x0000000020067000 	/System/Library/Frameworks/Carbon.framework/Versions/A/Frameworks/Help.framework/Versions/A/Help
0x0000000020067000 	/System/Library/Frameworks/Carbon.framework/Versions/A/Frameworks/ImageCapture.framework/Versions/A/ImageCapture
0x0000000020067000 	/System/Library/Frameworks/Carbon.framework/Versions/A/Frameworks/OpenScripting.framework/Versions/A/OpenScripting
0x0000000020067000 	/System/Library/Frameworks/Carbon.framework/Versions/A/Frameworks/Print.framework/Versions/A/Print
0x0000000020067000 	/System/Library/Frameworks/Carbon.framework/Versions/A/Frameworks/SecurityHI.framework/Versions/A/SecurityHI
0x000000010e9da000 	/Library/Java/JavaVirtualMachines/jdk1.8.0_121.jdk/Contents/Home/jre/lib/libawt.dylib
0x000000010ea82000 	/Library/Java/JavaVirtualMachines/jdk1.8.0_121.jdk/Contents/Home/jre/lib/./libmlib_image.dylib
0x000000010eb4e000 	/Library/Java/JavaVirtualMachines/jdk1.8.0_121.jdk/Contents/Home/jre/lib/libawt_lwawt.dylib
0x000000010ec05000 	/Library/Java/JavaVirtualMachines/jdk1.8.0_121.jdk/Contents/Home/jre/lib/./libosxapp.dylib
0x0000000020067000 	/System/Library/Frameworks/ExceptionHandling.framework/Versions/A/ExceptionHandling
0x0000000020067000 	/System/Library/PrivateFrameworks/CoreServicesInternal.framework/Versions/A/CoreServicesInternal
0x0000000020067000 	/System/Library/CoreServices/RawCamera.bundle/Contents/MacOS/RawCamera
0x0000000020067000 	/System/Library/Frameworks/Accelerate.framework/Versions/A/Frameworks/vImage.framework/Versions/A/Libraries/libCGInterfaces.dylib
0x0000000020067000 	/System/Library/Frameworks/ApplicationServices.framework/Versions/A/Frameworks/ATS.framework/Versions/A/Resources/libTrueTypeScaler.dylib
0x0000000020067000 	/System/Library/Frameworks/OpenGL.framework/Versions/A/Resources/GLEngine.bundle/GLEngine
0x0000000020067000 	/System/Library/Frameworks/OpenGL.framework/Versions/A/Libraries/libGLProgrammability.dylib
0x0000000110907000 	/System/Library/Extensions/AppleIntelHD4000GraphicsGLDriver.bundle/Contents/MacOS/AppleIntelHD4000GraphicsGLDriver
0x0000000020067000 	/System/Library/PrivateFrameworks/GPUSupport.framework/Versions/A/Libraries/libGPUSupportMercury.dylib
0x0000000020067000 	/System/Library/Frameworks/OpenGL.framework/Versions/A/Resources/GLRendererFloat.bundle/GLRendererFloat
0x0000000020067000 	/System/Library/Frameworks/OpenCL.framework/Versions/A/Libraries/libcldcpuengine.dylib
0x0000000020067000 	/usr/lib/libcrypto.0.9.8.dylib
0x0000000020067000 	/System/Library/PrivateFrameworks/TrustEvaluationAgent.framework/Versions/A/TrustEvaluationAgent
0x0000000110f11000 	/System/Library/Extensions/AppleIntelHD4000GraphicsMTLDriver.bundle/Contents/MacOS/AppleIntelHD4000GraphicsMTLDriver
0x0000000020067000 	/System/Library/PrivateFrameworks/FamilyControls.framework/Versions/A/FamilyControls
0x0000000020067000 	/System/Library/PrivateFrameworks/CommerceKit.framework/Versions/A/Frameworks/CommerceCore.framework/Versions/A/CommerceCore
0x0000000020067000 	/System/Library/PrivateFrameworks/SystemAdministration.framework/Versions/A/SystemAdministration
0x0000000020067000 	/System/Library/PrivateFrameworks/AppContainer.framework/Versions/A/AppContainer
0x0000000020067000 	/System/Library/PrivateFrameworks/SecCodeWrapper.framework/Versions/A/SecCodeWrapper
0x0000000020067000 	/System/Library/Frameworks/DirectoryService.framework/Versions/A/DirectoryService
0x0000000020067000 	/System/Library/PrivateFrameworks/DiskImages.framework/Versions/A/DiskImages
0x0000000020067000 	/System/Library/PrivateFrameworks/LoginUIKit.framework/Versions/A/Frameworks/LoginUICore.framework/Versions/A/LoginUICore
0x0000000020067000 	/usr/lib/libCoreStorage.dylib
0x0000000020067000 	/usr/lib/libcsfde.dylib
0x0000000020067000 	/usr/lib/libodfde.dylib
0x0000000020067000 	/System/Library/Frameworks/DiscRecording.framework/Versions/A/DiscRecording
0x0000000020067000 	/usr/lib/libcurl.4.dylib
0x0000000020067000 	/System/Library/PrivateFrameworks/MediaKit.framework/Versions/A/MediaKit
0x0000000020067000 	/System/Library/PrivateFrameworks/ProtectedCloudStorage.framework/Versions/A/ProtectedCloudStorage
0x0000000020067000 	/System/Library/PrivateFrameworks/EFILogin.framework/Versions/A/EFILogin
0x0000000020067000 	/usr/lib/libutil.dylib
0x0000000020067000 	/System/Library/Frameworks/LDAP.framework/Versions/A/LDAP
0x0000000020067000 	/usr/lib/libsasl2.2.dylib
0x0000000020067000 	/System/Library/PrivateFrameworks/CoreDaemon.framework/Versions/B/CoreDaemon
0x0000000020067000 	/System/Library/PrivateFrameworks/AppleSRP.framework/Versions/A/AppleSRP
0x0000000020067000 	/System/Library/PrivateFrameworks/APFS.framework/Versions/A/APFS
0x0000000112251000 	/Library/Java/JavaVirtualMachines/jdk1.8.0_121.jdk/Contents/Home/jre/lib/libfontmanager.dylib
0x0000000110498000 	/Library/Java/JavaVirtualMachines/jdk1.8.0_121.jdk/Contents/Home/jre/lib/libosxui.dylib
0x0000000020067000 	/System/Library/PrivateFrameworks/ViewBridge.framework/Versions/A/ViewBridge
0x0000000020067000 	/System/Library/PrivateFrameworks/XPCService.framework/Versions/A/XPCService
0x0000000020067000 	/System/Library/PrivateFrameworks/AppSandbox.framework/Versions/A/AppSandbox
0x0000000020067000 	/usr/lib/libsandbox.1.dylib
0x0000000020067000 	/usr/lib/libMatch.1.dylib
0x0000000114c1d000 	/Library/Java/JavaVirtualMachines/jdk1.8.0_121.jdk/Contents/Home/jre/lib/libnet.dylib
0x0000000114c7c000 	/Library/Java/JavaVirtualMachines/jdk1.8.0_121.jdk/Contents/Home/jre/lib/libnio.dylib

VM Arguments:
jvm_args: -Dfile.encoding=UTF-8 
java_command: gt.com.lighthouse.sistema.gui.master
java_class_path (initial): /Users/oscarreyes/Documents/JAVA/JTattoo-1.6.11.jar:/Users/oscarreyes/Documents/JAVA/postgresql-42.1.4.jar:/Users/oscarreyes/NetBeansProjects/Notas/build/classes
Launcher Type: SUN_STANDARD

Environment Variables:
PATH=/usr/bin:/bin:/usr/sbin:/sbin
LD_LIBRARY_PATH=/Library/Java/JavaVirtualMachines/jdk1.8.0_121.jdk/Contents/Home/jre/lib/amd64:/Library/Java/JavaVirtualMachines/jdk1.8.0_121.jdk/Contents/Home/jre/lib/i386:
SHELL=/bin/bash
DISPLAY=/private/tmp/com.apple.launchd.4WmE3lKSmS/org.macosforge.xquartz:0

Signal Handlers:
SIGSEGV: [libjvm.dylib+0x5b1141], sa_mask[0]=11111111011111110111111111111111, sa_flags=SA_ONSTACK|SA_RESTART|SA_SIGINFO
SIGBUS: [libjvm.dylib+0x5b1141], sa_mask[0]=11111111011111110111111111111111, sa_flags=SA_RESTART|SA_SIGINFO
SIGFPE: [libjvm.dylib+0x487bc4], sa_mask[0]=11111111011111110111111111111111, sa_flags=SA_RESTART|SA_SIGINFO
SIGPIPE: [libjvm.dylib+0x487bc4], sa_mask[0]=11111111011111110111111111111111, sa_flags=SA_RESTART|SA_SIGINFO
SIGXFSZ: [libjvm.dylib+0x487bc4], sa_mask[0]=11111111011111110111111111111111, sa_flags=SA_RESTART|SA_SIGINFO
SIGILL: [libjvm.dylib+0x487bc4], sa_mask[0]=11111111011111110111111111111111, sa_flags=SA_RESTART|SA_SIGINFO
SIGUSR1: SIG_DFL, sa_mask[0]=00000000000000000000000000000000, sa_flags=none
SIGUSR2: [libjvm.dylib+0x4876e2], sa_mask[0]=00100000000000000000000000000000, sa_flags=SA_RESTART|SA_SIGINFO
SIGHUP: [libjvm.dylib+0x485cb9], sa_mask[0]=11111111011111110111111111111111, sa_flags=SA_RESTART|SA_SIGINFO
SIGINT: SIG_IGN, sa_mask[0]=00000000000000000000000000000000, sa_flags=none
SIGTERM: [libjvm.dylib+0x485cb9], sa_mask[0]=11111111011111110111111111111111, sa_flags=SA_RESTART|SA_SIGINFO
SIGQUIT: [libjvm.dylib+0x485cb9], sa_mask[0]=11111111011111110111111111111111, sa_flags=SA_RESTART|SA_SIGINFO


---------------  S Y S T E M  ---------------

OS:Bsduname:Darwin 16.7.0 Darwin Kernel Version 16.7.0: Thu Jun 15 17:36:27 PDT 2017; root:xnu-3789.70.16~2/RELEASE_X86_64 x86_64
rlimit: STACK 8192k, CORE 0k, NPROC 709, NOFILE 10240, AS infinity
load average:2.00 2.10 2.31

CPU:total 4 (2 cores per cpu, 2 threads per core) family 6 model 58 stepping 9, cmov, cx8, fxsr, mmx, sse, sse2, sse3, ssse3, sse4.1, sse4.2, popcnt, avx, aes, clmul, erms, ht, tsc, tscinvbit, tscinv

Memory: 4k page, physical 4194304k(27768k free)

/proc/meminfo:


vm_info: Java HotSpot(TM) 64-Bit Server VM (25.121-b13) for bsd-amd64 JRE (1.8.0_121-b13), built on Dec 12 2016 20:39:32 by "java_re" with gcc 4.2.1 (Based on Apple Inc. build 5658) (LLVM build 2336.11.00)

time: Mon Oct 30 23:09:02 2017
elapsed time: 6 seconds (0d 0h 0m 6s)

